#
# A fatal error has been detected by the Java Runtime Environment:
#
#  EXCEPTION_ACCESS_VIOLATION (0xc0000005) at pc=0x00007ffca4af6407, pid=16160, tid=21336
#
# JRE version: OpenJDK Runtime Environment (21.0+35) (build 21+35-2513)
# Java VM: OpenJDK 64-Bit Server VM (21+35-2513, mixed mode, sharing, tiered, compressed oops, compressed class ptrs, g1 gc, windows-amd64)
# Problematic frame:
# C  [glass.dll+0x26407]
#
# No core dump will be written. Minidumps are not enabled by default on client versions of Windows
#
# If you would like to submit a bug report, please visit:
#   https://bugreport.java.com/bugreport/crash.jsp
#

---------------  S U M M A R Y ------------

Command Line: -javaagent:D:\IntelliJ IDEA Community Edition 2023.2\lib\idea_rt.jar=50994:D:\IntelliJ IDEA Community Edition 2023.2\bin -Dfile.encoding=UTF-8 -Dsun.stdout.encoding=UTF-8 -Dsun.stderr.encoding=UTF-8 --module-path=C:\Users\kiril\.m2\repository\org\openjfx\javafx-fxml\20.0.1\javafx-fxml-20.0.1-win.jar;E:\localCopy\app\cryptoapp\app\target\classes;C:\Users\kiril\.m2\repository\org\openjfx\javafx-graphics\20.0.1\javafx-graphics-20.0.1-win.jar;C:\Users\kiril\.m2\repository\org\openjfx\javafx-controls\20.0.1\javafx-controls-20.0.1-win.jar;C:\Users\kiril\.m2\repository\org\openjfx\javafx-base\20.0.1\javafx-base-20.0.1-win.jar -Djdk.module.main=vshp.group.app vshp.group.app/vshp.group.app.HelloApplication

Host: Intel(R) Xeon(R) CPU E5-2670 v3 @ 2.30GHz, 24 cores, 15G,  Windows 10 , 64 bit Build 19041 (10.0.19041.3393)
Time: Tue Oct  3 22:04:00 2023 RTZ 2 (s 10 , 64 bit Build 19041 (10.0.19041.3393) elapsed time: 39.311035 seconds (0d 0h 0m 39s)

---------------  T H R E A D  ---------------

Current thread (0x00000222ec2b3db0):  VMThread "VM Thread"          [id=21336, stack(0x0000005827800000,0x0000005827900000) (1024K)]

Stack: [0x0000005827800000,0x0000005827900000],  sp=0x00000058278ff250,  free space=1020k
Native frames: (J=compiled Java code, j=interpreted, Vv=VM code, C=native code)
C  [glass.dll+0x26407]


siginfo: EXCEPTION_ACCESS_VIOLATION (0xc0000005), reading address 0x0000000000000000


Registers:
RAX=0x0000000000000000, RBX=0x00000222ec2bec72, RCX=0x00000222ec2b3db0, RDX=0x00000058278ff250
RSP=0x00000058278ff250, RBP=0x00000222f1cf3bb8, RSI=0x00000222f1cf3b90, RDI=0x00001a6851860e15
R8 =0x0000000000010002, R9 =0x00001a6851860e15, R10=0x0000000000008000, R11=0x00000058278ff1e0
R12=0x00007ffca4af3d40, R13=0x00007ffc93dafe60, R14=0x00000058278ff348, R15=0x00000222f1cf3b90
RIP=0x00007ffca4af6407, EFLAGS=0x0000000000010206


Register to memory mapping:

RAX=0x0 is null
RBX=0x00000222ec2bec72 is a global jni handle
RCX=0x00000222ec2b3db0 points into unknown readable memory: 0x00007ffc93bc2a18 | 18 2a bc 93 fc 7f 00 00
RDX=0x00000058278ff250 points into unknown readable memory: 0x0000000000000000 | 00 00 00 00 00 00 00 00
RSP=0x00000058278ff250 points into unknown readable memory: 0x0000000000000000 | 00 00 00 00 00 00 00 00
RBP=0x00000222f1cf3bb8 points into unknown readable memory: 0x00001a6851860e15 | 15 0e 86 51 68 1a 00 00
RSI=0x00000222f1cf3b90 points into unknown readable memory: 0xff948f8f5a860e1a | 1a 0e 86 5a 8f 8f 94 ff
RDI=0x00001a6851860e15 is an unknown value
R8 =0x0000000000010002 is an unknown value
R9 =0x00001a6851860e15 is an unknown value
R10=0x0000000000008000 is an unknown value
R11=0x00000058278ff1e0 points into unknown readable memory: 0x00000222f1cf3b90 | 90 3b cf f1 22 02 00 00
R12=0x00007ffca4af3d40 glass.dll
R13=0x00007ffc93dafe60 jvm.dll
R14=0x00000058278ff348 points into unknown readable memory: 0x00000058278ff330 | 30 f3 8f 27 58 00 00 00
R15=0x00000222f1cf3b90 points into unknown readable memory: 0xff948f8f5a860e1a | 1a 0e 86 5a 8f 8f 94 ff

Top of Stack: (sp=0x00000058278ff250)
0x00000058278ff250:   0000000000000000 00000222f1cf3b90
0x00000058278ff260:   00007ffc93dafe60 00007ffca4af3d40
0x00000058278ff270:   00000222f1cf3b98 00007ffcc0b442d6
0x00000058278ff280:   00001a6851860e15 0000022200000000
0x00000058278ff290:   00000222f1cf3bb8 00000222f1cf3b90
0x00000058278ff2a0:   fffffffffffffffe 0000000000000000
0x00000058278ff2b0:   0000000000000001 00007ffca4ad0000
0x00000058278ff2c0:   00000058278ff338 00007ffcc0b441fb
0x00000058278ff2d0:   0000000000000000 00000058278ff348
0x00000058278ff2e0:   00000058278ff620 00007ffcc0c20e40
0x00000058278ff2f0:   0000000000000001 00007ffcc0b441b4
0x00000058278ff300:   0000000000000000 0000000000000001
0x00000058278ff310:   00007ffcb79d2dd0 00000058278ff338
0x00000058278ff320:   000000000000000d 00007ffca4af3bcd
0x00000058278ff330:   00007ffca4b09f88 00007ffc00000002
0x00000058278ff340:   0000000000000002 00000058278ff330
0x00000058278ff350:   0000000000000000 00007ffcc3309993
0x00000058278ff360:   0000000000000000 00007ffca4af3cf2
0x00000058278ff370:   0000000000000001 0000000000000000
0x00000058278ff380:   0000000000000000 00007ffcc0c20e40
0x00000058278ff390:   00000222c988ddc8 00007ffcc0b3f05b
0x00000058278ff3a0:   0000022200000001 0000000000000016
0x00000058278ff3b0:   00007ffca4ad0000 000000007ffe0384
0x00000058278ff3c0:   0000000000000000 00007ffcc3309a1d
0x00000058278ff3d0:   00007ffca4ad0000 0000000000000000
0x00000058278ff3e0:   0000000000000001 000000007ffe0385
0x00000058278ff3f0:   0000000000000000 00007ffcc334de41
0x00000058278ff400:   0000d8afa2280300 0000000000000014
0x00000058278ff410:   00007ffca4af3d40 0000000000000000
0x00000058278ff420:   0000000000000000 0000005826cfe000
0x00000058278ff430:   00000222f2252e80 00007ffcc334dcda
0x00000058278ff440:   00000222f2252280 00007ffca4ad0000 

Instructions: (pc=0x00007ffca4af6407)
0x00007ffca4af6307:   8b 4d 58 e8 7d cf ff ff 48 8b 4d 60 e8 74 cf ff
0x00007ffca4af6317:   ff 48 8b 95 80 00 00 00 48 8b 8d 18 01 00 00 e8
0x00007ffca4af6327:   66 c4 ff ff 33 d2 33 c9 e8 bc e1 ff ff 90 48 89
0x00007ffca4af6337:   54 24 10 55 48 83 ec 20 48 8b ea 48 b8 00 00 00
0x00007ffca4af6347:   00 00 00 00 00 48 83 c4 20 5d c3 cc 40 55 48 8b
0x00007ffca4af6357:   ea 48 8b 01 33 c9 81 38 05 00 00 c0 0f 94 c1 8b
0x00007ffca4af6367:   c1 5d c3 cc 40 55 48 83 ec 20 48 8b ea 8a 4d 40
0x00007ffca4af6377:   48 83 c4 20 5d e9 63 d3 ff ff cc 40 55 48 83 ec
0x00007ffca4af6387:   20 48 8b ea 8a 4d 20 e8 51 d3 ff ff 90 48 83 c4
0x00007ffca4af6397:   20 5d c3 cc 40 55 48 83 ec 20 48 8b ea 48 83 c4
0x00007ffca4af63a7:   20 5d e9 b2 d1 ff ff cc 40 55 48 83 ec 30 48 8b
0x00007ffca4af63b7:   ea 48 8b 01 8b 10 48 89 4c 24 28 89 54 24 20 4c
0x00007ffca4af63c7:   8d 0d 53 d6 ff ff 4c 8b 45 70 8b 55 68 48 8b 4d
0x00007ffca4af63d7:   60 e8 f3 d0 ff ff 90 48 83 c4 30 5d c3 cc cc cc
0x00007ffca4af63e7:   cc cc cc cc cc cc cc cc cc 40 53 48 83 ec 20 48
0x00007ffca4af63f7:   8b 1d 8b 35 01 00 48 85 db 74 16 e8 79 8b ff ff
0x00007ffca4af6407:   4c 8b 00 48 8b d3 48 8b c8 41 ff 90 b0 00 00 00
0x00007ffca4af6417:   90 48 83 c4 20 5b c3 cc cc 40 53 48 83 ec 20 48
0x00007ffca4af6427:   8b 1d fb 36 01 00 48 85 db 74 57 b8 ff ff ff ff
0x00007ffca4af6437:   f0 0f c1 43 10 83 f8 01 75 3d 48 85 db 74 38 48
0x00007ffca4af6447:   8b 0b 48 85 c9 74 0d ff 15 54 0e 00 00 48 c7 03
0x00007ffca4af6457:   00 00 00 00 48 8b 4b 08 48 85 c9 74 0d e8 23 ce
0x00007ffca4af6467:   ff ff 48 c7 43 08 00 00 00 00 ba 18 00 00 00 48
0x00007ffca4af6477:   8b cb e8 0e ce ff ff 48 c7 05 9f 36 01 00 00 00
0x00007ffca4af6487:   00 00 48 83 c4 20 5b c3 cc 40 53 48 83 ec 20 48
0x00007ffca4af6497:   8b 1d 6b 36 01 00 48 85 db 74 57 b8 ff ff ff ff
0x00007ffca4af64a7:   f0 0f c1 43 10 83 f8 01 75 3d 48 85 db 74 38 48
0x00007ffca4af64b7:   8b 0b 48 85 c9 74 0d ff 15 e4 0d 00 00 48 c7 03
0x00007ffca4af64c7:   00 00 00 00 48 8b 4b 08 48 85 c9 74 0d e8 b3 cd
0x00007ffca4af64d7:   ff ff 48 c7 43 08 00 00 00 00 ba 18 00 00 00 48
0x00007ffca4af64e7:   8b cb e8 9e cd ff ff 48 c7 05 0f 36 01 00 00 00
0x00007ffca4af64f7:   00 00 48 83 c4 20 5b c3 cc 40 53 48 83 ec 20 48 


Stack slot to memory mapping:

stack at sp + 0 slots: 0x0 is null
stack at sp + 1 slots: 0x00000222f1cf3b90 points into unknown readable memory: 0xff948f8f5a860e1a | 1a 0e 86 5a 8f 8f 94 ff
stack at sp + 2 slots: 0x00007ffc93dafe60 jvm.dll
stack at sp + 3 slots: 0x00007ffca4af3d40 glass.dll
stack at sp + 4 slots: 0x00000222f1cf3b98 points into unknown readable memory: 0x00001a6851860e15 | 15 0e 86 51 68 1a 00 00
stack at sp + 5 slots: 0x00007ffcc0b442d6 ucrtbase.dll
stack at sp + 6 slots: 0x00001a6851860e15 is an unknown value
stack at sp + 7 slots: 0x0000022200000000 is an unknown value

VM_Operation (0x00000058281fee00): Exit, mode: safepoint, requested by thread 0x00000222f26742f0


---------------  P R O C E S S  ---------------

Threads class SMR info:
_java_thread_list=0x00000222f1416580, length=20, elements={
0x00000222c98b5580, 0x00000222ec4f50a0, 0x00000222ec4f6a80, 0x00000222ec4fab40,
0x00000222ec4fd870, 0x00000222ec4fc130, 0x00000222ec4ffef0, 0x00000222ec5063f0,
0x00000222ec506e90, 0x00000222ec649a00, 0x00000222f15fd9c0, 0x00000222f12a6eb0,
0x00000222ec6e41f0, 0x00000222f1cf4720, 0x00000222f1cf59b0, 0x00000222f1c53df0,
0x00000222f1ff66e0, 0x00000222f2675010, 0x00000222f2673c60, 0x00000222f26742f0
}

Java Threads: ( => current thread )
  0x00000222c98b5580 JavaThread "main"                              [_thread_blocked, id=17296, stack(0x0000005827100000,0x0000005827200000) (1024K)]
  0x00000222ec4f50a0 JavaThread "Reference Handler"          daemon [_thread_blocked, id=11160, stack(0x0000005827900000,0x0000005827a00000) (1024K)]
  0x00000222ec4f6a80 JavaThread "Finalizer"                  daemon [_thread_blocked, id=11756, stack(0x0000005827a00000,0x0000005827b00000) (1024K)]
  0x00000222ec4fab40 JavaThread "Signal Dispatcher"          daemon [_thread_blocked, id=11004, stack(0x0000005827b00000,0x0000005827c00000) (1024K)]
  0x00000222ec4fd870 JavaThread "Attach Listener"            daemon [_thread_blocked, id=7904, stack(0x0000005827c00000,0x0000005827d00000) (1024K)]
  0x00000222ec4fc130 JavaThread "Service Thread"             daemon [_thread_blocked, id=12856, stack(0x0000005827d00000,0x0000005827e00000) (1024K)]
  0x00000222ec4ffef0 JavaThread "Monitor Deflation Thread"   daemon [_thread_blocked, id=12284, stack(0x0000005827e00000,0x0000005827f00000) (1024K)]
  0x00000222ec5063f0 JavaThread "C2 CompilerThread0"         daemon [_thread_blocked, id=2436, stack(0x0000005827f00000,0x0000005828000000) (1024K)]
  0x00000222ec506e90 JavaThread "C1 CompilerThread0"         daemon [_thread_blocked, id=20524, stack(0x0000005828000000,0x0000005828100000) (1024K)]
  0x00000222ec649a00 JavaThread "Common-Cleaner"             daemon [_thread_blocked, id=19528, stack(0x0000005828200000,0x0000005828300000) (1024K)]
  0x00000222f15fd9c0 JavaThread "Monitor Ctrl-Break"         daemon [_thread_in_native, id=20492, stack(0x0000005828900000,0x0000005828a00000) (1024K)]
  0x00000222f12a6eb0 JavaThread "Notification Thread"        daemon [_thread_blocked, id=6440, stack(0x0000005828a00000,0x0000005828b00000) (1024K)]
  0x00000222ec6e41f0 JavaThread "QuantumRenderer-0"          daemon [_thread_blocked, id=10020, stack(0x0000005828700000,0x0000005828800000) (1024K)]
  0x00000222f1cf4720 JavaThread "InvokeLaterDispatcher"      daemon [_thread_blocked, id=14344, stack(0x0000005828c00000,0x0000005828d00000) (1024K)]
  0x00000222f1cf59b0 JavaThread "JavaFX Application Thread"         [_thread_in_native, id=15316, stack(0x0000005828d00000,0x0000005828e00000) (1024K)]
  0x00000222f1c53df0 JavaThread "Thread-1"                   daemon [_thread_in_native, id=9932, stack(0x0000005829700000,0x0000005829800000) (1024K)]
  0x00000222f1ff66e0 JavaThread "JavaFX-Launcher"                   [_thread_blocked, id=15888, stack(0x0000005829800000,0x0000005829900000) (1024K)]
  0x00000222f2675010 JavaThread "Prism Font Disposer"        daemon [_thread_blocked, id=14060, stack(0x000000582a000000,0x000000582a100000) (1024K)]
  0x00000222f2673c60 JavaThread "Cleaner-0"                  daemon [_thread_blocked, id=17720, stack(0x000000582ac00000,0x000000582ad00000) (1024K)]
  0x00000222f26742f0 JavaThread "SIGINT handler"             daemon [_thread_blocked, id=3752, stack(0x0000005828100000,0x0000005828200000) (1024K)]
Total: 20

Other Threads:
=>0x00000222ec2b3db0 VMThread "VM Thread"                           [id=21336, stack(0x0000005827800000,0x0000005827900000) (1024K)]
  0x00000222cbc81b60 WorkerThread "GC Thread#0"                     [id=13468, stack(0x0000005827200000,0x0000005827300000) (1024K)]
  0x00000222f20183c0 WorkerThread "GC Thread#1"                     [id=9572, stack(0x0000005829900000,0x0000005829a00000) (1024K)]
  0x00000222f2018760 WorkerThread "GC Thread#2"                     [id=16968, stack(0x0000005829a00000,0x0000005829b00000) (1024K)]
  0x00000222f2018b00 WorkerThread "GC Thread#3"                     [id=14624, stack(0x0000005829b00000,0x0000005829c00000) (1024K)]
  0x00000222f2018ea0 WorkerThread "GC Thread#4"                     [id=15964, stack(0x0000005829c00000,0x0000005829d00000) (1024K)]
  0x00000222f1c48570 WorkerThread "GC Thread#5"                     [id=3468, stack(0x0000005829d00000,0x0000005829e00000) (1024K)]
  0x00000222f262ff50 WorkerThread "GC Thread#6"                     [id=5472, stack(0x000000582a200000,0x000000582a300000) (1024K)]
  0x00000222f258dad0 WorkerThread "GC Thread#7"                     [id=6984, stack(0x000000582a300000,0x000000582a400000) (1024K)]
  0x00000222f2106d60 WorkerThread "GC Thread#8"                     [id=6544, stack(0x000000582a400000,0x000000582a500000) (1024K)]
  0x00000222f21069c0 WorkerThread "GC Thread#9"                     [id=7400, stack(0x000000582a500000,0x000000582a600000) (1024K)]
  0x00000222f2105400 WorkerThread "GC Thread#10"                    [id=1892, stack(0x000000582a600000,0x000000582a700000) (1024K)]
  0x00000222f2106280 WorkerThread "GC Thread#11"                    [id=18468, stack(0x000000582a700000,0x000000582a800000) (1024K)]
  0x00000222f2106620 WorkerThread "GC Thread#12"                    [id=16128, stack(0x000000582a800000,0x000000582a900000) (1024K)]
  0x00000222cbc92a60 ConcurrentGCThread "G1 Main Marker"            terminated
  0x00000222cbc93c10 WorkerThread "G1 Conc#0"                       [id=2100, stack(0x0000005827400000,0x0000005827500000) (1024K)]
  0x00000222cbceeb30 ConcurrentGCThread "G1 Refine#0"               terminated
  0x00000222ec171730 ConcurrentGCThread "G1 Service"                terminated
Total: 18

Threads with active compile tasks:
Total: 0

VM state: at safepoint (shutting down)

VM Mutex/Monitor currently owned by a thread:  ([mutex/lock_event])
[0x00007ffc93d88548] Threads_lock - owner thread: 0x00000222ec2b3db0
[0x00007ffc93d88648] Heap_lock - owner thread: 0x00000222f26742f0

Heap address: 0x0000000702400000, size: 4060 MB, Compressed Oops mode: Zero based, Oop shift amount: 3

CDS archive(s) mapped at: [0x0000022280000000-0x0000022280c90000-0x0000022280c90000), size 13172736, SharedBaseAddress: 0x0000022280000000, ArchiveRelocationMode: 1.
Compressed class space mapped at: 0x0000022281000000-0x00000222c1000000, reserved size: 1073741824
Narrow klass base: 0x0000022280000000, Narrow klass shift: 0, Narrow klass range: 0x100000000

GC Precious Log:
 CardTable entry size: 512
 Card Set container configuration: InlinePtr #cards 4 size 8 Array Of Cards #cards 16 size 48 Howl #buckets 8 coarsen threshold 3686 Howl Bitmap #cards 512 size 80 coarsen threshold 460 Card regions per heap region 1 cards per card region 4096
 CPUs: 24 total, 24 available
 Memory: 16236M
 Large Page Support: Disabled
 NUMA Support: Disabled
 Compressed Oops: Enabled (Zero based)
 Heap Region Size: 2M
 Heap Min Capacity: 8M
 Heap Initial Capacity: 254M
 Heap Max Capacity: 4060M
 Pre-touch: Disabled
 Parallel Workers: 18
 Concurrent Workers: 5
 Concurrent Refinement Workers: 18
 Periodic GC: Disabled

Heap:
 garbage-first heap   total 260096K, used 39244K [0x0000000702400000, 0x0000000800000000)
  region size 2048K, 19 young (38912K), 3 survivors (6144K)
 Metaspace       used 17317K, committed 17664K, reserved 1114112K
  class space    used 2390K, committed 2560K, reserved 1048576K

Heap Regions: E=young(eden), S=young(survivor), O=old, HS=humongous(starts), HC=humongous(continues), CS=collection set, F=free, TAMS=top-at-mark-start, PB=parsable bottom
|   0|0x0000000702400000, 0x0000000702453340, 0x0000000702600000| 16%| O|  |TAMS 0x0000000702400000| PB 0x0000000702400000| Untracked 
|   1|0x0000000702600000, 0x0000000702800000, 0x0000000702800000|100%|HS|  |TAMS 0x0000000702600000| PB 0x0000000702600000| Complete 
|   2|0x0000000702800000, 0x0000000702800000, 0x0000000702a00000|  0%| F|  |TAMS 0x0000000702800000| PB 0x0000000702800000| Untracked 
|   3|0x0000000702a00000, 0x0000000702a00000, 0x0000000702c00000|  0%| F|  |TAMS 0x0000000702a00000| PB 0x0000000702a00000| Untracked 
|   4|0x0000000702c00000, 0x0000000702c00000, 0x0000000702e00000|  0%| F|  |TAMS 0x0000000702c00000| PB 0x0000000702c00000| Untracked 
|   5|0x0000000702e00000, 0x0000000702e00000, 0x0000000703000000|  0%| F|  |TAMS 0x0000000702e00000| PB 0x0000000702e00000| Untracked 
|   6|0x0000000703000000, 0x0000000703000000, 0x0000000703200000|  0%| F|  |TAMS 0x0000000703000000| PB 0x0000000703000000| Untracked 
|   7|0x0000000703200000, 0x0000000703200000, 0x0000000703400000|  0%| F|  |TAMS 0x0000000703200000| PB 0x0000000703200000| Untracked 
|   8|0x0000000703400000, 0x0000000703400000, 0x0000000703600000|  0%| F|  |TAMS 0x0000000703400000| PB 0x0000000703400000| Untracked 
|   9|0x0000000703600000, 0x0000000703600000, 0x0000000703800000|  0%| F|  |TAMS 0x0000000703600000| PB 0x0000000703600000| Untracked 
|  10|0x0000000703800000, 0x0000000703800000, 0x0000000703a00000|  0%| F|  |TAMS 0x0000000703800000| PB 0x0000000703800000| Untracked 
|  11|0x0000000703a00000, 0x0000000703a00000, 0x0000000703c00000|  0%| F|  |TAMS 0x0000000703a00000| PB 0x0000000703a00000| Untracked 
|  12|0x0000000703c00000, 0x0000000703c00000, 0x0000000703e00000|  0%| F|  |TAMS 0x0000000703c00000| PB 0x0000000703c00000| Untracked 
|  13|0x0000000703e00000, 0x0000000703e00000, 0x0000000704000000|  0%| F|  |TAMS 0x0000000703e00000| PB 0x0000000703e00000| Untracked 
|  14|0x0000000704000000, 0x0000000704000000, 0x0000000704200000|  0%| F|  |TAMS 0x0000000704000000| PB 0x0000000704000000| Untracked 
|  15|0x0000000704200000, 0x0000000704200000, 0x0000000704400000|  0%| F|  |TAMS 0x0000000704200000| PB 0x0000000704200000| Untracked 
|  16|0x0000000704400000, 0x0000000704400000, 0x0000000704600000|  0%| F|  |TAMS 0x0000000704400000| PB 0x0000000704400000| Untracked 
|  17|0x0000000704600000, 0x0000000704600000, 0x0000000704800000|  0%| F|  |TAMS 0x0000000704600000| PB 0x0000000704600000| Untracked 
|  18|0x0000000704800000, 0x0000000704800000, 0x0000000704a00000|  0%| F|  |TAMS 0x0000000704800000| PB 0x0000000704800000| Untracked 
|  19|0x0000000704a00000, 0x0000000704a00000, 0x0000000704c00000|  0%| F|  |TAMS 0x0000000704a00000| PB 0x0000000704a00000| Untracked 
|  20|0x0000000704c00000, 0x0000000704c00000, 0x0000000704e00000|  0%| F|  |TAMS 0x0000000704c00000| PB 0x0000000704c00000| Untracked 
|  21|0x0000000704e00000, 0x0000000704e00000, 0x0000000705000000|  0%| F|  |TAMS 0x0000000704e00000| PB 0x0000000704e00000| Untracked 
|  22|0x0000000705000000, 0x0000000705000000, 0x0000000705200000|  0%| F|  |TAMS 0x0000000705000000| PB 0x0000000705000000| Untracked 
|  23|0x0000000705200000, 0x0000000705200000, 0x0000000705400000|  0%| F|  |TAMS 0x0000000705200000| PB 0x0000000705200000| Untracked 
|  24|0x0000000705400000, 0x0000000705400000, 0x0000000705600000|  0%| F|  |TAMS 0x0000000705400000| PB 0x0000000705400000| Untracked 
|  25|0x0000000705600000, 0x0000000705600000, 0x0000000705800000|  0%| F|  |TAMS 0x0000000705600000| PB 0x0000000705600000| Untracked 
|  26|0x0000000705800000, 0x0000000705800000, 0x0000000705a00000|  0%| F|  |TAMS 0x0000000705800000| PB 0x0000000705800000| Untracked 
|  27|0x0000000705a00000, 0x0000000705a00000, 0x0000000705c00000|  0%| F|  |TAMS 0x0000000705a00000| PB 0x0000000705a00000| Untracked 
|  28|0x0000000705c00000, 0x0000000705c00000, 0x0000000705e00000|  0%| F|  |TAMS 0x0000000705c00000| PB 0x0000000705c00000| Untracked 
|  29|0x0000000705e00000, 0x0000000705e00000, 0x0000000706000000|  0%| F|  |TAMS 0x0000000705e00000| PB 0x0000000705e00000| Untracked 
|  30|0x0000000706000000, 0x0000000706000000, 0x0000000706200000|  0%| F|  |TAMS 0x0000000706000000| PB 0x0000000706000000| Untracked 
|  31|0x0000000706200000, 0x0000000706200000, 0x0000000706400000|  0%| F|  |TAMS 0x0000000706200000| PB 0x0000000706200000| Untracked 
|  32|0x0000000706400000, 0x0000000706400000, 0x0000000706600000|  0%| F|  |TAMS 0x0000000706400000| PB 0x0000000706400000| Untracked 
|  33|0x0000000706600000, 0x0000000706600000, 0x0000000706800000|  0%| F|  |TAMS 0x0000000706600000| PB 0x0000000706600000| Untracked 
|  34|0x0000000706800000, 0x0000000706800000, 0x0000000706a00000|  0%| F|  |TAMS 0x0000000706800000| PB 0x0000000706800000| Untracked 
|  35|0x0000000706a00000, 0x0000000706a00000, 0x0000000706c00000|  0%| F|  |TAMS 0x0000000706a00000| PB 0x0000000706a00000| Untracked 
|  36|0x0000000706c00000, 0x0000000706c00000, 0x0000000706e00000|  0%| F|  |TAMS 0x0000000706c00000| PB 0x0000000706c00000| Untracked 
|  37|0x0000000706e00000, 0x0000000706e00000, 0x0000000707000000|  0%| F|  |TAMS 0x0000000706e00000| PB 0x0000000706e00000| Untracked 
|  38|0x0000000707000000, 0x0000000707000000, 0x0000000707200000|  0%| F|  |TAMS 0x0000000707000000| PB 0x0000000707000000| Untracked 
|  39|0x0000000707200000, 0x0000000707200000, 0x0000000707400000|  0%| F|  |TAMS 0x0000000707200000| PB 0x0000000707200000| Untracked 
|  40|0x0000000707400000, 0x0000000707400000, 0x0000000707600000|  0%| F|  |TAMS 0x0000000707400000| PB 0x0000000707400000| Untracked 
|  41|0x0000000707600000, 0x0000000707600000, 0x0000000707800000|  0%| F|  |TAMS 0x0000000707600000| PB 0x0000000707600000| Untracked 
|  42|0x0000000707800000, 0x0000000707800000, 0x0000000707a00000|  0%| F|  |TAMS 0x0000000707800000| PB 0x0000000707800000| Untracked 
|  43|0x0000000707a00000, 0x0000000707a00000, 0x0000000707c00000|  0%| F|  |TAMS 0x0000000707a00000| PB 0x0000000707a00000| Untracked 
|  44|0x0000000707c00000, 0x0000000707c00000, 0x0000000707e00000|  0%| F|  |TAMS 0x0000000707c00000| PB 0x0000000707c00000| Untracked 
|  45|0x0000000707e00000, 0x0000000707e00000, 0x0000000708000000|  0%| F|  |TAMS 0x0000000707e00000| PB 0x0000000707e00000| Untracked 
|  46|0x0000000708000000, 0x0000000708000000, 0x0000000708200000|  0%| F|  |TAMS 0x0000000708000000| PB 0x0000000708000000| Untracked 
|  47|0x0000000708200000, 0x0000000708200000, 0x0000000708400000|  0%| F|  |TAMS 0x0000000708200000| PB 0x0000000708200000| Untracked 
|  48|0x0000000708400000, 0x0000000708400000, 0x0000000708600000|  0%| F|  |TAMS 0x0000000708400000| PB 0x0000000708400000| Untracked 
|  49|0x0000000708600000, 0x0000000708600000, 0x0000000708800000|  0%| F|  |TAMS 0x0000000708600000| PB 0x0000000708600000| Untracked 
|  50|0x0000000708800000, 0x0000000708800000, 0x0000000708a00000|  0%| F|  |TAMS 0x0000000708800000| PB 0x0000000708800000| Untracked 
|  51|0x0000000708a00000, 0x0000000708a00000, 0x0000000708c00000|  0%| F|  |TAMS 0x0000000708a00000| PB 0x0000000708a00000| Untracked 
|  52|0x0000000708c00000, 0x0000000708c00000, 0x0000000708e00000|  0%| F|  |TAMS 0x0000000708c00000| PB 0x0000000708c00000| Untracked 
|  53|0x0000000708e00000, 0x0000000708e00000, 0x0000000709000000|  0%| F|  |TAMS 0x0000000708e00000| PB 0x0000000708e00000| Untracked 
|  54|0x0000000709000000, 0x0000000709000000, 0x0000000709200000|  0%| F|  |TAMS 0x0000000709000000| PB 0x0000000709000000| Untracked 
|  55|0x0000000709200000, 0x0000000709200000, 0x0000000709400000|  0%| F|  |TAMS 0x0000000709200000| PB 0x0000000709200000| Untracked 
|  56|0x0000000709400000, 0x0000000709400000, 0x0000000709600000|  0%| F|  |TAMS 0x0000000709400000| PB 0x0000000709400000| Untracked 
|  57|0x0000000709600000, 0x0000000709600000, 0x0000000709800000|  0%| F|  |TAMS 0x0000000709600000| PB 0x0000000709600000| Untracked 
|  58|0x0000000709800000, 0x0000000709800000, 0x0000000709a00000|  0%| F|  |TAMS 0x0000000709800000| PB 0x0000000709800000| Untracked 
|  59|0x0000000709a00000, 0x0000000709a00000, 0x0000000709c00000|  0%| F|  |TAMS 0x0000000709a00000| PB 0x0000000709a00000| Untracked 
|  60|0x0000000709c00000, 0x0000000709c00000, 0x0000000709e00000|  0%| F|  |TAMS 0x0000000709c00000| PB 0x0000000709c00000| Untracked 
|  61|0x0000000709e00000, 0x0000000709e00000, 0x000000070a000000|  0%| F|  |TAMS 0x0000000709e00000| PB 0x0000000709e00000| Untracked 
|  62|0x000000070a000000, 0x000000070a000000, 0x000000070a200000|  0%| F|  |TAMS 0x000000070a000000| PB 0x000000070a000000| Untracked 
|  63|0x000000070a200000, 0x000000070a200000, 0x000000070a400000|  0%| F|  |TAMS 0x000000070a200000| PB 0x000000070a200000| Untracked 
|  64|0x000000070a400000, 0x000000070a400000, 0x000000070a600000|  0%| F|  |TAMS 0x000000070a400000| PB 0x000000070a400000| Untracked 
|  65|0x000000070a600000, 0x000000070a600000, 0x000000070a800000|  0%| F|  |TAMS 0x000000070a600000| PB 0x000000070a600000| Untracked 
|  66|0x000000070a800000, 0x000000070a800000, 0x000000070aa00000|  0%| F|  |TAMS 0x000000070a800000| PB 0x000000070a800000| Untracked 
|  67|0x000000070aa00000, 0x000000070aa00000, 0x000000070ac00000|  0%| F|  |TAMS 0x000000070aa00000| PB 0x000000070aa00000| Untracked 
|  68|0x000000070ac00000, 0x000000070ac00000, 0x000000070ae00000|  0%| F|  |TAMS 0x000000070ac00000| PB 0x000000070ac00000| Untracked 
|  69|0x000000070ae00000, 0x000000070ae00000, 0x000000070b000000|  0%| F|  |TAMS 0x000000070ae00000| PB 0x000000070ae00000| Untracked 
|  70|0x000000070b000000, 0x000000070b000000, 0x000000070b200000|  0%| F|  |TAMS 0x000000070b000000| PB 0x000000070b000000| Untracked 
|  71|0x000000070b200000, 0x000000070b200000, 0x000000070b400000|  0%| F|  |TAMS 0x000000070b200000| PB 0x000000070b200000| Untracked 
|  72|0x000000070b400000, 0x000000070b400000, 0x000000070b600000|  0%| F|  |TAMS 0x000000070b400000| PB 0x000000070b400000| Untracked 
|  73|0x000000070b600000, 0x000000070b600000, 0x000000070b800000|  0%| F|  |TAMS 0x000000070b600000| PB 0x000000070b600000| Untracked 
|  74|0x000000070b800000, 0x000000070b800000, 0x000000070ba00000|  0%| F|  |TAMS 0x000000070b800000| PB 0x000000070b800000| Untracked 
|  75|0x000000070ba00000, 0x000000070ba00000, 0x000000070bc00000|  0%| F|  |TAMS 0x000000070ba00000| PB 0x000000070ba00000| Untracked 
|  76|0x000000070bc00000, 0x000000070bc00000, 0x000000070be00000|  0%| F|  |TAMS 0x000000070bc00000| PB 0x000000070bc00000| Untracked 
|  77|0x000000070be00000, 0x000000070be00000, 0x000000070c000000|  0%| F|  |TAMS 0x000000070be00000| PB 0x000000070be00000| Untracked 
|  78|0x000000070c000000, 0x000000070c000000, 0x000000070c200000|  0%| F|  |TAMS 0x000000070c000000| PB 0x000000070c000000| Untracked 
|  79|0x000000070c200000, 0x000000070c200000, 0x000000070c400000|  0%| F|  |TAMS 0x000000070c200000| PB 0x000000070c200000| Untracked 
|  80|0x000000070c400000, 0x000000070c400000, 0x000000070c600000|  0%| F|  |TAMS 0x000000070c400000| PB 0x000000070c400000| Untracked 
|  81|0x000000070c600000, 0x000000070c600000, 0x000000070c800000|  0%| F|  |TAMS 0x000000070c600000| PB 0x000000070c600000| Untracked 
|  82|0x000000070c800000, 0x000000070c800000, 0x000000070ca00000|  0%| F|  |TAMS 0x000000070c800000| PB 0x000000070c800000| Untracked 
|  83|0x000000070ca00000, 0x000000070ca00000, 0x000000070cc00000|  0%| F|  |TAMS 0x000000070ca00000| PB 0x000000070ca00000| Untracked 
|  84|0x000000070cc00000, 0x000000070cc00000, 0x000000070ce00000|  0%| F|  |TAMS 0x000000070cc00000| PB 0x000000070cc00000| Untracked 
|  85|0x000000070ce00000, 0x000000070ce00000, 0x000000070d000000|  0%| F|  |TAMS 0x000000070ce00000| PB 0x000000070ce00000| Untracked 
|  86|0x000000070d000000, 0x000000070d000000, 0x000000070d200000|  0%| F|  |TAMS 0x000000070d000000| PB 0x000000070d000000| Untracked 
|  87|0x000000070d200000, 0x000000070d200000, 0x000000070d400000|  0%| F|  |TAMS 0x000000070d200000| PB 0x000000070d200000| Untracked 
|  88|0x000000070d400000, 0x000000070d400000, 0x000000070d600000|  0%| F|  |TAMS 0x000000070d400000| PB 0x000000070d400000| Untracked 
|  89|0x000000070d600000, 0x000000070d600000, 0x000000070d800000|  0%| F|  |TAMS 0x000000070d600000| PB 0x000000070d600000| Untracked 
|  90|0x000000070d800000, 0x000000070d800000, 0x000000070da00000|  0%| F|  |TAMS 0x000000070d800000| PB 0x000000070d800000| Untracked 
|  91|0x000000070da00000, 0x000000070da00000, 0x000000070dc00000|  0%| F|  |TAMS 0x000000070da00000| PB 0x000000070da00000| Untracked 
|  92|0x000000070dc00000, 0x000000070dc00000, 0x000000070de00000|  0%| F|  |TAMS 0x000000070dc00000| PB 0x000000070dc00000| Untracked 
|  93|0x000000070de00000, 0x000000070de00000, 0x000000070e000000|  0%| F|  |TAMS 0x000000070de00000| PB 0x000000070de00000| Untracked 
|  94|0x000000070e000000, 0x000000070e000000, 0x000000070e200000|  0%| F|  |TAMS 0x000000070e000000| PB 0x000000070e000000| Untracked 
|  95|0x000000070e200000, 0x000000070e200000, 0x000000070e400000|  0%| F|  |TAMS 0x000000070e200000| PB 0x000000070e200000| Untracked 
|  96|0x000000070e400000, 0x000000070e400000, 0x000000070e600000|  0%| F|  |TAMS 0x000000070e400000| PB 0x000000070e400000| Untracked 
|  97|0x000000070e600000, 0x000000070e600000, 0x000000070e800000|  0%| F|  |TAMS 0x000000070e600000| PB 0x000000070e600000| Untracked 
|  98|0x000000070e800000, 0x000000070e800000, 0x000000070ea00000|  0%| F|  |TAMS 0x000000070e800000| PB 0x000000070e800000| Untracked 
|  99|0x000000070ea00000, 0x000000070ea00000, 0x000000070ec00000|  0%| F|  |TAMS 0x000000070ea00000| PB 0x000000070ea00000| Untracked 
| 100|0x000000070ec00000, 0x000000070ec00000, 0x000000070ee00000|  0%| F|  |TAMS 0x000000070ec00000| PB 0x000000070ec00000| Untracked 
| 101|0x000000070ee00000, 0x000000070ee00000, 0x000000070f000000|  0%| F|  |TAMS 0x000000070ee00000| PB 0x000000070ee00000| Untracked 
| 102|0x000000070f000000, 0x000000070f000000, 0x000000070f200000|  0%| F|  |TAMS 0x000000070f000000| PB 0x000000070f000000| Untracked 
| 103|0x000000070f200000, 0x000000070f400000, 0x000000070f400000|100%| S|CS|TAMS 0x000000070f200000| PB 0x000000070f200000| Complete 
| 104|0x000000070f400000, 0x000000070f600000, 0x000000070f600000|100%| S|CS|TAMS 0x000000070f400000| PB 0x000000070f400000| Complete 
| 105|0x000000070f600000, 0x000000070f800000, 0x000000070f800000|100%| S|CS|TAMS 0x000000070f600000| PB 0x000000070f600000| Complete 
| 106|0x000000070f800000, 0x000000070f800000, 0x000000070fa00000|  0%| F|  |TAMS 0x000000070f800000| PB 0x000000070f800000| Untracked 
| 107|0x000000070fa00000, 0x000000070fa00000, 0x000000070fc00000|  0%| F|  |TAMS 0x000000070fa00000| PB 0x000000070fa00000| Untracked 
| 108|0x000000070fc00000, 0x000000070fc00000, 0x000000070fe00000|  0%| F|  |TAMS 0x000000070fc00000| PB 0x000000070fc00000| Untracked 
| 109|0x000000070fe00000, 0x000000070fe00000, 0x0000000710000000|  0%| F|  |TAMS 0x000000070fe00000| PB 0x000000070fe00000| Untracked 
| 110|0x0000000710000000, 0x0000000710000000, 0x0000000710200000|  0%| F|  |TAMS 0x0000000710000000| PB 0x0000000710000000| Untracked 
| 111|0x0000000710200000, 0x00000007102f9b28, 0x0000000710400000| 48%| E|  |TAMS 0x0000000710200000| PB 0x0000000710200000| Complete 
| 112|0x0000000710400000, 0x0000000710600000, 0x0000000710600000|100%| E|CS|TAMS 0x0000000710400000| PB 0x0000000710400000| Complete 
| 113|0x0000000710600000, 0x0000000710800000, 0x0000000710800000|100%| E|CS|TAMS 0x0000000710600000| PB 0x0000000710600000| Complete 
| 114|0x0000000710800000, 0x0000000710a00000, 0x0000000710a00000|100%| E|CS|TAMS 0x0000000710800000| PB 0x0000000710800000| Complete 
| 115|0x0000000710a00000, 0x0000000710c00000, 0x0000000710c00000|100%| E|CS|TAMS 0x0000000710a00000| PB 0x0000000710a00000| Complete 
| 116|0x0000000710c00000, 0x0000000710e00000, 0x0000000710e00000|100%| E|CS|TAMS 0x0000000710c00000| PB 0x0000000710c00000| Complete 
| 117|0x0000000710e00000, 0x0000000711000000, 0x0000000711000000|100%| E|CS|TAMS 0x0000000710e00000| PB 0x0000000710e00000| Complete 
| 118|0x0000000711000000, 0x0000000711200000, 0x0000000711200000|100%| E|CS|TAMS 0x0000000711000000| PB 0x0000000711000000| Complete 
| 119|0x0000000711200000, 0x0000000711400000, 0x0000000711400000|100%| E|CS|TAMS 0x0000000711200000| PB 0x0000000711200000| Complete 
| 120|0x0000000711400000, 0x0000000711600000, 0x0000000711600000|100%| E|CS|TAMS 0x0000000711400000| PB 0x0000000711400000| Complete 
| 121|0x0000000711600000, 0x0000000711800000, 0x0000000711800000|100%| E|CS|TAMS 0x0000000711600000| PB 0x0000000711600000| Complete 
| 122|0x0000000711800000, 0x0000000711a00000, 0x0000000711a00000|100%| E|CS|TAMS 0x0000000711800000| PB 0x0000000711800000| Complete 
| 123|0x0000000711a00000, 0x0000000711c00000, 0x0000000711c00000|100%| E|CS|TAMS 0x0000000711a00000| PB 0x0000000711a00000| Complete 
| 124|0x0000000711c00000, 0x0000000711e00000, 0x0000000711e00000|100%| E|CS|TAMS 0x0000000711c00000| PB 0x0000000711c00000| Complete 
| 125|0x0000000711e00000, 0x0000000712000000, 0x0000000712000000|100%| E|CS|TAMS 0x0000000711e00000| PB 0x0000000711e00000| Complete 
| 126|0x0000000712000000, 0x0000000712200000, 0x0000000712200000|100%| E|CS|TAMS 0x0000000712000000| PB 0x0000000712000000| Complete 

Card table byte_map: [0x00000222e4640000,0x00000222e4e30000] _byte_map_base: 0x00000222e0e2e000

Marking Bits: (CMBitMap*) 0x00000222cbc82170
 Bits: [0x00000222e4e30000, 0x00000222e8da0000)

Polling page: 0x00000222c9b20000

Metaspace:

Usage:
  Non-class:     14.58 MB used.
      Class:      2.33 MB used.
       Both:     16.91 MB used.

Virtual space:
  Non-class space:       64.00 MB reserved,      14.75 MB ( 23%) committed,  1 nodes.
      Class space:        1.00 GB reserved,       2.50 MB ( <1%) committed,  1 nodes.
             Both:        1.06 GB reserved,      17.25 MB (  2%) committed. 

Chunk freelists:
   Non-Class:  755.00 KB
       Class:  13.48 MB
        Both:  14.22 MB

MaxMetaspaceSize: unlimited
CompressedClassSpaceSize: 1.00 GB
Initial GC threshold: 21.00 MB
Current GC threshold: 21.00 MB
CDS: on
 - commit_granule_bytes: 65536.
 - commit_granule_words: 8192.
 - virtual_space_node_default_size: 8388608.
 - enlarge_chunks_in_place: 1.
 - use_allocation_guard: 0.


Internal statistics:

num_allocs_failed_limit: 0.
num_arena_births: 346.
num_arena_deaths: 0.
num_vsnodes_births: 2.
num_vsnodes_deaths: 0.
num_space_committed: 276.
num_space_uncommitted: 0.
num_chunks_returned_to_freelist: 0.
num_chunks_taken_from_freelist: 908.
num_chunk_merges: 0.
num_chunk_splits: 620.
num_chunks_enlarged: 459.
num_inconsistent_stats: 0.

CodeHeap 'non-profiled nmethods': size=119168Kb used=1509Kb max_used=1509Kb free=117658Kb
 bounds [0x00000222dbc10000, 0x00000222dbe80000, 0x00000222e3070000]
CodeHeap 'profiled nmethods': size=119104Kb used=8935Kb max_used=8935Kb free=110168Kb
 bounds [0x00000222d4070000, 0x00000222d4930000, 0x00000222db4c0000]
CodeHeap 'non-nmethods': size=7488Kb used=1793Kb max_used=3504Kb free=5694Kb
 bounds [0x00000222db4c0000, 0x00000222db830000, 0x00000222dbc10000]
 total_blobs=5003 nmethods=4192 adapters=713
 compilation: enabled
              stopped_count=0, restarted_count=0
 full_count=0

Compilation events (20 events):
Event: 19.837 Thread 0x00000222ec506e90 4185       1       java.util.stream.ReduceOps$Box::get (5 bytes)
Event: 19.837 Thread 0x00000222ec506e90 nmethod 4185 0x00000222dbd86c10 code [0x00000222dbd86da0, 0x00000222dbd86e70]
Event: 22.626 Thread 0x00000222ec506e90 4186       1       javafx.util.Pair::getKey (5 bytes)
Event: 22.626 Thread 0x00000222ec506e90 nmethod 4186 0x00000222dbd86f10 code [0x00000222dbd870a0, 0x00000222dbd87170]
Event: 22.626 Thread 0x00000222ec506e90 4187       1       javafx.util.Pair::getValue (5 bytes)
Event: 22.626 Thread 0x00000222ec506e90 nmethod 4187 0x00000222dbd87210 code [0x00000222dbd873a0, 0x00000222dbd87470]
Event: 23.254 Thread 0x00000222ec5063f0 4188       4       com.sun.javafx.geom.Vec3d::length (33 bytes)
Event: 23.255 Thread 0x00000222ec5063f0 nmethod 4188 0x00000222dbd87510 code [0x00000222dbd876a0, 0x00000222dbd87750]
Event: 23.278 Thread 0x00000222ec506e90 4189       3       java.util.ArrayDeque::remove (5 bytes)
Event: 23.278 Thread 0x00000222ec506e90 nmethod 4189 0x00000222d4928790 code [0x00000222d4928960, 0x00000222d4928c28]
Event: 24.887 Thread 0x00000222ec5063f0 4190       4       java.security.AccessController::checkContext (49 bytes)
Event: 24.887 Thread 0x00000222ec5063f0 nmethod 4190 0x00000222dbd87810 code [0x00000222dbd87980, 0x00000222dbd879e8]
Event: 24.900 Thread 0x00000222ec5063f0 4191       4       java.lang.Math::min (46 bytes)
Event: 24.901 Thread 0x00000222ec5063f0 nmethod 4191 0x00000222dbd87b10 code [0x00000222dbd87cc0, 0x00000222dbd87dc8]
Event: 24.915 Thread 0x00000222ec5063f0 4192       4       com.sun.javafx.event.EventHandlerManager::dispatchBubblingEvent (23 bytes)
Event: 24.929 Thread 0x00000222ec5063f0 nmethod 4192 0x00000222dbd87e90 code [0x00000222dbd88100, 0x00000222dbd88a70]
Event: 24.929 Thread 0x00000222ec5063f0 4193       4       com.sun.javafx.event.BasicEventDispatcher::dispatchBubblingEvent (2 bytes)
Event: 24.930 Thread 0x00000222ec5063f0 nmethod 4193 0x00000222dbd89390 code [0x00000222dbd89520, 0x00000222dbd895a8]
Event: 25.686 Thread 0x00000222ec506e90 4194       3       javafx.scene.Node$15::invalidated (46 bytes)
Event: 25.687 Thread 0x00000222ec506e90 nmethod 4194 0x00000222d4928d90 code [0x00000222d4929020, 0x00000222d4929c40]

GC Heap History (4 events):
Event: 0.731 GC heap before
{Heap before GC invocations=0 (full 0):
 garbage-first heap   total 260096K, used 22528K [0x0000000702400000, 0x0000000800000000)
  region size 2048K, 11 young (22528K), 0 survivors (0K)
 Metaspace       used 4519K, committed 4736K, reserved 1114112K
  class space    used 480K, committed 576K, reserved 1048576K
}
Event: 0.734 GC heap after
{Heap after GC invocations=1 (full 0):
 garbage-first heap   total 260096K, used 2720K [0x0000000702400000, 0x0000000800000000)
  region size 2048K, 2 young (4096K), 2 survivors (4096K)
 Metaspace       used 4519K, committed 4736K, reserved 1114112K
  class space    used 480K, committed 576K, reserved 1048576K
}
Event: 1.394 GC heap before
{Heap before GC invocations=1 (full 0):
 garbage-first heap   total 260096K, used 39584K [0x0000000702400000, 0x0000000800000000)
  region size 2048K, 21 young (43008K), 2 survivors (4096K)
 Metaspace       used 13003K, committed 13312K, reserved 1114112K
  class space    used 1885K, committed 1984K, reserved 1048576K
}
Event: 1.400 GC heap after
{Heap after GC invocations=2 (full 0):
 garbage-first heap   total 260096K, used 6476K [0x0000000702400000, 0x0000000800000000)
  region size 2048K, 3 young (6144K), 3 survivors (6144K)
 Metaspace       used 13003K, committed 13312K, reserved 1114112K
  class space    used 1885K, committed 1984K, reserved 1048576K
}

Dll operation events (20 events):
Event: 0.434 Loaded shared library C:\Users\kiril\.openjfx\cache\20.0.1+2\amd64\api-ms-win-crt-locale-l1-1-0.dll
Event: 0.438 Loaded shared library C:\Users\kiril\.openjfx\cache\20.0.1+2\amd64\api-ms-win-crt-math-l1-1-0.dll
Event: 0.441 Loaded shared library C:\Users\kiril\.openjfx\cache\20.0.1+2\amd64\api-ms-win-crt-multibyte-l1-1-0.dll
Event: 0.445 Loaded shared library C:\Users\kiril\.openjfx\cache\20.0.1+2\amd64\api-ms-win-crt-private-l1-1-0.dll
Event: 0.448 Loaded shared library C:\Users\kiril\.openjfx\cache\20.0.1+2\amd64\api-ms-win-crt-process-l1-1-0.dll
Event: 0.450 Loaded shared library C:\Users\kiril\.openjfx\cache\20.0.1+2\amd64\api-ms-win-crt-runtime-l1-1-0.dll
Event: 0.454 Loaded shared library C:\Users\kiril\.openjfx\cache\20.0.1+2\amd64\api-ms-win-crt-stdio-l1-1-0.dll
Event: 0.457 Loaded shared library C:\Users\kiril\.openjfx\cache\20.0.1+2\amd64\api-ms-win-crt-string-l1-1-0.dll
Event: 0.460 Loaded shared library C:\Users\kiril\.openjfx\cache\20.0.1+2\amd64\api-ms-win-crt-time-l1-1-0.dll
Event: 0.462 Loaded shared library C:\Users\kiril\.openjfx\cache\20.0.1+2\amd64\api-ms-win-crt-utility-l1-1-0.dll
Event: 0.480 Loaded shared library C:\Users\kiril\.openjfx\cache\20.0.1+2\amd64\ucrtbase.dll
Event: 0.484 Loaded shared library C:\Users\kiril\.openjfx\cache\20.0.1+2\amd64\vcruntime140.dll
Event: 0.488 Loaded shared library C:\Users\kiril\.openjfx\cache\20.0.1+2\amd64\vcruntime140_1.dll
Event: 0.498 Loaded shared library C:\Users\kiril\.openjfx\cache\20.0.1+2\amd64\msvcp140.dll
Event: 0.502 Loaded shared library C:\Users\kiril\.openjfx\cache\20.0.1+2\amd64\msvcp140_1.dll
Event: 0.507 Loaded shared library C:\Users\kiril\.openjfx\cache\20.0.1+2\amd64\msvcp140_2.dll
Event: 0.553 Loaded shared library C:\Users\kiril\.openjfx\cache\20.0.1+2\amd64\prism_d3d.dll
Event: 0.616 Loaded shared library C:\Users\kiril\.openjfx\cache\20.0.1+2\amd64\glass.dll
Event: 0.766 Loaded shared library C:\Users\kiril\.jdks\openjdk-21\bin\jimage.dll
Event: 0.931 Loaded shared library C:\Users\kiril\.openjfx\cache\20.0.1+2\amd64\javafx_font.dll

Deoptimization events (20 events):
Event: 11.782 Thread 0x00000222f1cf59b0 Uncommon trap: trap_request=0xffffffd6 fr.pc=0x00000222dbd5ca38 relative=0x0000000000000758
Event: 11.782 Thread 0x00000222f1cf59b0 Uncommon trap: reason=array_check action=maybe_recompile pc=0x00000222dbd5ca38 method=com.sun.javafx.event.EventDispatchChainImpl.prepend(Ljavafx/event/EventDispatcher;)Ljavafx/event/EventDispatchChain; @ 33 c2
Event: 11.782 Thread 0x00000222f1cf59b0 DEOPT PACKING pc=0x00000222dbd5ca38 sp=0x0000005828dfdc40
Event: 11.782 Thread 0x00000222f1cf59b0 DEOPT UNPACKING pc=0x00000222db5146a2 sp=0x0000005828dfdc00 mode 2
Event: 11.782 Thread 0x00000222f1cf59b0 Uncommon trap: trap_request=0xffffffd6 fr.pc=0x00000222dbd5ca38 relative=0x0000000000000758
Event: 11.782 Thread 0x00000222f1cf59b0 Uncommon trap: reason=array_check action=maybe_recompile pc=0x00000222dbd5ca38 method=com.sun.javafx.event.EventDispatchChainImpl.prepend(Ljavafx/event/EventDispatcher;)Ljavafx/event/EventDispatchChain; @ 33 c2
Event: 11.782 Thread 0x00000222f1cf59b0 DEOPT PACKING pc=0x00000222dbd5ca38 sp=0x0000005828dfdc40
Event: 11.782 Thread 0x00000222f1cf59b0 DEOPT UNPACKING pc=0x00000222db5146a2 sp=0x0000005828dfdc00 mode 2
Event: 11.784 Thread 0x00000222f1cf59b0 Uncommon trap: trap_request=0xffffffd6 fr.pc=0x00000222dbd5cacc relative=0x00000000000007ec
Event: 11.784 Thread 0x00000222f1cf59b0 Uncommon trap: reason=array_check action=maybe_recompile pc=0x00000222dbd5cacc method=com.sun.javafx.event.EventDispatchChainImpl.insertFirst(Ljavafx/event/EventDispatcher;)V @ 9 c2
Event: 11.784 Thread 0x00000222f1cf59b0 DEOPT PACKING pc=0x00000222dbd5cacc sp=0x0000005828dfdcc0
Event: 11.784 Thread 0x00000222f1cf59b0 DEOPT UNPACKING pc=0x00000222db5146a2 sp=0x0000005828dfdc18 mode 2
Event: 11.784 Thread 0x00000222f1cf59b0 Uncommon trap: trap_request=0xffffffd6 fr.pc=0x00000222dbd5ca38 relative=0x0000000000000758
Event: 11.784 Thread 0x00000222f1cf59b0 Uncommon trap: reason=array_check action=maybe_recompile pc=0x00000222dbd5ca38 method=com.sun.javafx.event.EventDispatchChainImpl.prepend(Ljavafx/event/EventDispatcher;)Ljavafx/event/EventDispatchChain; @ 33 c2
Event: 11.784 Thread 0x00000222f1cf59b0 DEOPT PACKING pc=0x00000222dbd5ca38 sp=0x0000005828dfdcc0
Event: 11.784 Thread 0x00000222f1cf59b0 DEOPT UNPACKING pc=0x00000222db5146a2 sp=0x0000005828dfdc80 mode 2
Event: 12.757 Thread 0x00000222ec6e41f0 DEOPT PACKING pc=0x00000222d4624e62 sp=0x00000058287fce40
Event: 12.757 Thread 0x00000222ec6e41f0 DEOPT UNPACKING pc=0x00000222db514e42 sp=0x00000058287fc2a8 mode 0
Event: 13.430 Thread 0x00000222ec6e41f0 DEOPT PACKING pc=0x00000222d456545a sp=0x00000058287fdb10
Event: 13.430 Thread 0x00000222ec6e41f0 DEOPT UNPACKING pc=0x00000222db514e42 sp=0x00000058287fcfa0 mode 0

Classes loaded (20 events):
Event: 3.748 Loading class java/text/BreakIterator
Event: 3.748 Loading class java/text/BreakIterator done
Event: 3.748 Loading class sun/util/locale/provider/BreakIteratorProviderImpl
Event: 3.749 Loading class sun/util/locale/provider/BreakIteratorProviderImpl done
Event: 3.749 Loading class sun/util/locale/provider/BreakIteratorProviderImpl$GraphemeBreakIterator
Event: 3.749 Loading class sun/util/locale/provider/BreakIteratorProviderImpl$GraphemeBreakIterator done
Event: 3.749 Loading class java/text/StringCharacterIterator
Event: 3.749 Loading class java/text/StringCharacterIterator done
Event: 3.749 Loading class sun/util/locale/provider/BreakIteratorProviderImpl$CharacterIteratorCharSequence
Event: 3.749 Loading class sun/util/locale/provider/BreakIteratorProviderImpl$CharacterIteratorCharSequence done
Event: 3.749 Loading class java/text/BreakIterator$BreakIteratorCache
Event: 3.750 Loading class java/text/BreakIterator$BreakIteratorCache done
Event: 5.483 Loading class java/time/DateTimeException
Event: 5.483 Loading class java/time/DateTimeException done
Event: 5.485 Loading class java/time/format/FormatStyle
Event: 5.485 Loading class java/time/format/FormatStyle done
Event: 5.591 Loading class java/lang/FdLibm$Atan2
Event: 5.591 Loading class java/lang/FdLibm$Atan2 done
Event: 38.952 Loading class jdk/internal/misc/Signal$1
Event: 38.952 Loading class jdk/internal/misc/Signal$1 done

Classes unloaded (0 events):
No events

Classes redefined (0 events):
No events

Internal exceptions (20 events):
Event: 1.168 Thread 0x00000222f1cf59b0 Exception <a 'sun/nio/fs/WindowsException'{0x000000071020d0a8}> (0x000000071020d0a8) 
thrown [s\open\src\hotspot\share\prims\jni.cpp, line 520]
Event: 1.211 Thread 0x00000222f1cf59b0 Implicit null exception at 0x00000222dbc897bd to 0x00000222dbc89a74
Event: 1.336 Thread 0x00000222f1cf59b0 Exception <a 'java/lang/ClassNotFoundException'{0x000000070fabffe0}: com/sun/javafx/scene/control/skin/resources/controls> (0x000000070fabffe0) 
thrown [s\open\src\hotspot\share\prims\jni.cpp, line 539]
Event: 1.337 Thread 0x00000222f1cf59b0 Exception <a 'java/lang/ClassNotFoundException'{0x000000070face390}: com/sun/javafx/scene/control/skin/resources/controls_ru> (0x000000070face390) 
thrown [s\open\src\hotspot\share\prims\jni.cpp, line 539]
Event: 1.337 Thread 0x00000222f1cf59b0 Exception <a 'java/lang/ClassNotFoundException'{0x000000070facf338}: com/sun/javafx/scene/control/skin/resources/controls_ru_RU> (0x000000070facf338) 
thrown [s\open\src\hotspot\share\prims\jni.cpp, line 539]
Event: 1.378 Thread 0x00000222f1cf59b0 Exception <a 'java/lang/NoSuchMethodError'{0x000000070f8b2448}: 'void java.lang.invoke.DirectMethodHandle$Holder.invokeSpecial(java.lang.Object, java.lang.Object, java.lang.Object, java.lang.Object, java.lang.Object, java.lang.Object)'> (0x000000070f8b2448) 
thrown [s\open\src\hotspot\share\interpreter\linkResolver.cpp, line 773]
Event: 1.381 Thread 0x00000222f1cf59b0 Exception <a 'java/lang/IncompatibleClassChangeError'{0x000000070f8d0fb0}: Found class java.lang.Object, but interface was expected> (0x000000070f8d0fb0) 
thrown [s\open\src\hotspot\share\interpreter\linkResolver.cpp, line 840]
Event: 1.482 Thread 0x00000222f1cf59b0 Exception <a 'java/lang/NoSuchMethodError'{0x0000000711d38308}: 'int java.lang.invoke.DirectMethodHandle$Holder.invokeSpecial(java.lang.Object, java.lang.Object, int)'> (0x0000000711d38308) 
thrown [s\open\src\hotspot\share\interpreter\linkResolver.cpp, line 773]
Event: 1.492 Thread 0x00000222f1cf59b0 Exception <a 'java/lang/NoSuchMethodError'{0x0000000711d7f270}: 'java.lang.Object java.lang.invoke.DirectMethodHandle$Holder.newInvokeSpecial(java.lang.Object, java.lang.Object, int)'> (0x0000000711d7f270) 
thrown [s\open\src\hotspot\share\interpreter\linkResolver.cpp, line 773]
Event: 1.535 Thread 0x00000222ec6e41f0 Exception <a 'java/lang/NoSuchMethodError'{0x0000000711aa8670}: 'int java.lang.invoke.DirectMethodHandle$Holder.invokeStaticInit(java.lang.Object, java.lang.Object)'> (0x0000000711aa8670) 
thrown [s\open\src\hotspot\share\interpreter\linkResolver.cpp, line 773]
Event: 1.542 Thread 0x00000222f1cf59b0 Exception <a 'java/lang/NoSuchMethodError'{0x0000000711a618a8}: 'long java.lang.invoke.DirectMethodHandle$Holder.invokeStatic(java.lang.Object, java.lang.Object, java.lang.Object)'> (0x0000000711a618a8) 
thrown [s\open\src\hotspot\share\interpreter\linkResolver.cpp, line 773]
Event: 1.542 Thread 0x00000222f1cf59b0 Exception <a 'java/lang/NoSuchMethodError'{0x0000000711a64c78}: 'long java.lang.invoke.DirectMethodHandle$Holder.invokeStaticInit(java.lang.Object, java.lang.Object, java.lang.Object)'> (0x0000000711a64c78) 
thrown [s\open\src\hotspot\share\interpreter\linkResolver.cpp, line 773]
Event: 1.545 Thread 0x00000222f1cf59b0 Exception <a 'java/lang/NoSuchMethodError'{0x0000000711a79270}: 'java.lang.Object java.lang.invoke.DirectMethodHandle$Holder.newInvokeSpecial(java.lang.Object, java.lang.Object, long)'> (0x0000000711a79270) 
thrown [s\open\src\hotspot\share\interpreter\linkResolver.cpp, line 773]
Event: 1.545 Thread 0x00000222f1cf59b0 Exception <a 'java/lang/NoSuchMethodError'{0x0000000711a7cb68}: 'java.lang.Object java.lang.invoke.Invokers$Holder.linkToTargetMethod(java.lang.Object, long, java.lang.Object)'> (0x0000000711a7cb68) 
thrown [s\open\src\hotspot\share\interpreter\linkResolver.cpp, line 773]
Event: 2.457 Thread 0x00000222f1cf59b0 Exception <a 'java/lang/NoSuchMethodError'{0x00000007115e7bf0}: 'java.lang.Object java.lang.invoke.DirectMethodHandle$Holder.newInvokeSpecial(java.lang.Object, java.lang.Object, int, int, int, int, int, java.lang.Object)'> (0x00000007115e7bf0) 
thrown [s\open\src\hotspot\share\interpreter\linkResolver.cpp, line 773]
Event: 2.458 Thread 0x00000222f1cf59b0 Exception <a 'java/lang/NoSuchMethodError'{0x00000007115f9800}: 'java.lang.Object java.lang.invoke.DirectMethodHandle$Holder.newInvokeSpecial(java.lang.Object, java.lang.Object, java.lang.Object, int, int, int, int, int)'> (0x00000007115f9800) 
thrown [s\open\src\hotspot\share\interpreter\linkResolver.cpp, line 773]
Event: 2.459 Thread 0x00000222f1cf59b0 Exception <a 'java/lang/NoSuchMethodError'{0x00000007112015a0}: 'java.lang.Object java.lang.invoke.Invokers$Holder.linkToTargetMethod(java.lang.Object, java.lang.Object, int, int, int, int, int, java.lang.Object)'> (0x00000007112015a0) 
thrown [s\open\src\hotspot\share\interpreter\linkResolver.cpp, line 773]
Event: 5.492 Thread 0x00000222f1cf59b0 Exception <a 'java/lang/ClassNotFoundException'{0x0000000711183420}: com/sun/javafx/scene/control/skin/resources/controls-nt> (0x0000000711183420) 
thrown [s\open\src\hotspot\share\prims\jni.cpp, line 539]
Event: 5.493 Thread 0x00000222f1cf59b0 Exception <a 'java/lang/ClassNotFoundException'{0x000000071118ba68}: com/sun/javafx/scene/control/skin/resources/controls-nt_ru> (0x000000071118ba68) 
thrown [s\open\src\hotspot\share\prims\jni.cpp, line 539]
Event: 5.493 Thread 0x00000222f1cf59b0 Exception <a 'java/lang/ClassNotFoundException'{0x000000071118ccd0}: com/sun/javafx/scene/control/skin/resources/controls-nt_ru_RU> (0x000000071118ccd0) 
thrown [s\open\src\hotspot\share\prims\jni.cpp, line 539]

ZGC Phase Switch (0 events):
No events

VM Operations (20 events):
Event: 6.981 Executing VM operation: Cleanup done
Event: 9.982 Executing VM operation: Cleanup
Event: 9.983 Executing VM operation: Cleanup done
Event: 11.983 Executing VM operation: Cleanup
Event: 11.983 Executing VM operation: Cleanup done
Event: 13.983 Executing VM operation: Cleanup
Event: 13.983 Executing VM operation: Cleanup done
Event: 15.984 Executing VM operation: Cleanup
Event: 15.984 Executing VM operation: Cleanup done
Event: 16.984 Executing VM operation: Cleanup
Event: 16.984 Executing VM operation: Cleanup done
Event: 17.985 Executing VM operation: Cleanup
Event: 17.985 Executing VM operation: Cleanup done
Event: 18.985 Executing VM operation: Cleanup
Event: 18.985 Executing VM operation: Cleanup done
Event: 23.986 Executing VM operation: Cleanup
Event: 23.986 Executing VM operation: Cleanup done
Event: 27.988 Executing VM operation: Cleanup
Event: 27.988 Executing VM operation: Cleanup done
Event: 38.954 Executing VM operation: Exit

Events (20 events):
Event: 1.844 Thread 0x00000222f20d6790 Thread exited: 0x00000222f20d6790
Event: 1.844 Thread 0x00000222ec7a8f20 Thread exited: 0x00000222ec7a8f20
Event: 6.175 Thread 0x00000222f26c76c0 Thread added: 0x00000222f26c76c0
Event: 9.080 Thread 0x00000222f26c76c0 Thread exited: 0x00000222f26c76c0
Event: 9.080 Thread 0x00000222ec7620b0 Thread exited: 0x00000222ec7620b0
Event: 11.186 Thread 0x00000222f100e170 Thread added: 0x00000222f100e170
Event: 11.461 Thread 0x00000222f100e170 Thread exited: 0x00000222f100e170
Event: 13.798 Thread 0x00000222ec5a1180 Thread added: 0x00000222ec5a1180
Event: 14.020 Thread 0x00000222ec5a1180 Thread exited: 0x00000222ec5a1180
Event: 15.636 Thread 0x00000222ec6597b0 Thread exited: 0x00000222ec6597b0
Event: 18.899 Thread 0x00000222f104fa50 Thread added: 0x00000222f104fa50
Event: 18.900 Thread 0x00000222f1050100 Thread added: 0x00000222f1050100
Event: 19.802 Thread 0x00000222f1050100 Thread exited: 0x00000222f1050100
Event: 19.802 Thread 0x00000222ec5cad50 Thread exited: 0x00000222ec5cad50
Event: 22.626 Thread 0x00000222f104fa50 Thread exited: 0x00000222f104fa50
Event: 38.953 Thread 0x00000222f26742f0 Thread added: 0x00000222f26742f0
Event: 38.953 Thread 0x00000222f2676a50 Thread added: 0x00000222f2676a50
Event: 38.953 Thread 0x00000222f2675d30 Thread added: 0x00000222f2675d30
Event: 38.954 Thread 0x00000222f2675d30 Thread exited: 0x00000222f2675d30
Event: 38.954 Thread 0x00000222f2676a50 Thread exited: 0x00000222f2676a50


Dynamic libraries:
0x00007ff6d8f80000 - 0x00007ff6d8f8e000 	C:\Users\kiril\.jdks\openjdk-21\bin\java.exe
0x00007ffcc32f0000 - 0x00007ffcc34e8000 	C:\Windows\SYSTEM32\ntdll.dll
0x00007ffcc26f0000 - 0x00007ffcc27ad000 	C:\Windows\System32\KERNEL32.DLL
0x00007ffcc1050000 - 0x00007ffcc1346000 	C:\Windows\System32\KERNELBASE.dll
0x00007ffcc0b30000 - 0x00007ffcc0c30000 	C:\Windows\System32\ucrtbase.dll
0x00007ffcb50c0000 - 0x00007ffcb50d8000 	C:\Users\kiril\.jdks\openjdk-21\bin\jli.dll
0x00007ffcb5060000 - 0x00007ffcb507b000 	C:\Users\kiril\.jdks\openjdk-21\bin\VCRUNTIME140.dll
0x00007ffcc2930000 - 0x00007ffcc2ace000 	C:\Windows\System32\USER32.dll
0x00007ffcc0b00000 - 0x00007ffcc0b22000 	C:\Windows\System32\win32u.dll
0x00007ffca8eb0000 - 0x00007ffca914a000 	C:\Windows\WinSxS\amd64_microsoft.windows.common-controls_6595b64144ccf1df_6.0.19041.1110_none_60b5254171f9507e\COMCTL32.dll
0x00007ffcc2ad0000 - 0x00007ffcc2afc000 	C:\Windows\System32\GDI32.dll
0x00007ffcc2b70000 - 0x00007ffcc2c0e000 	C:\Windows\System32\msvcrt.dll
0x00007ffcc0c60000 - 0x00007ffcc0d7a000 	C:\Windows\System32\gdi32full.dll
0x00007ffcc09d0000 - 0x00007ffcc0a6d000 	C:\Windows\System32\msvcp_win.dll
0x00007ffcc2890000 - 0x00007ffcc28c0000 	C:\Windows\System32\IMM32.DLL
0x00007ffcb50b0000 - 0x00007ffcb50bc000 	C:\Users\kiril\.jdks\openjdk-21\bin\vcruntime140_1.dll
0x00007ffcb30a0000 - 0x00007ffcb312e000 	C:\Users\kiril\.jdks\openjdk-21\bin\msvcp140.dll
0x00007ffc93150000 - 0x00007ffc93e63000 	C:\Users\kiril\.jdks\openjdk-21\bin\server\jvm.dll
0x00007ffcc2df0000 - 0x00007ffcc2e9e000 	C:\Windows\System32\ADVAPI32.dll
0x00007ffcc2c80000 - 0x00007ffcc2d1c000 	C:\Windows\System32\sechost.dll
0x00007ffcc3060000 - 0x00007ffcc3186000 	C:\Windows\System32\RPCRT4.dll
0x00007ffcc28c0000 - 0x00007ffcc292b000 	C:\Windows\System32\WS2_32.dll
0x00007ffcc05d0000 - 0x00007ffcc061b000 	C:\Windows\SYSTEM32\POWRPROF.dll
0x00007ffcb9500000 - 0x00007ffcb950a000 	C:\Windows\SYSTEM32\VERSION.dll
0x00007ffcb7330000 - 0x00007ffcb7357000 	C:\Windows\SYSTEM32\WINMM.dll
0x00007ffcc0050000 - 0x00007ffcc0062000 	C:\Windows\SYSTEM32\UMPDC.dll
0x00007ffcbe210000 - 0x00007ffcbe222000 	C:\Windows\SYSTEM32\kernel.appcore.dll
0x00007ffcb5030000 - 0x00007ffcb503a000 	C:\Users\kiril\.jdks\openjdk-21\bin\jimage.dll
0x00007ffcc0360000 - 0x00007ffcc0544000 	C:\Windows\SYSTEM32\DBGHELP.DLL
0x00007ffcc0180000 - 0x00007ffcc01b4000 	C:\Windows\SYSTEM32\dbgcore.DLL
0x00007ffcc0a70000 - 0x00007ffcc0af2000 	C:\Windows\System32\bcryptPrimitives.dll
0x00007ffcc05b0000 - 0x00007ffcc05bf000 	C:\Users\kiril\.jdks\openjdk-21\bin\instrument.dll
0x00007ffcb5010000 - 0x00007ffcb502f000 	C:\Users\kiril\.jdks\openjdk-21\bin\java.dll
0x00007ffcc1870000 - 0x00007ffcc1fb5000 	C:\Windows\System32\SHELL32.dll
0x00007ffcbe410000 - 0x00007ffcbebab000 	C:\Windows\SYSTEM32\windows.storage.dll
0x00007ffcc2380000 - 0x00007ffcc26d4000 	C:\Windows\System32\combase.dll
0x00007ffcbfd10000 - 0x00007ffcbfd3e000 	C:\Windows\SYSTEM32\Wldp.dll
0x00007ffcc21f0000 - 0x00007ffcc229d000 	C:\Windows\System32\SHCORE.dll
0x00007ffcc2c20000 - 0x00007ffcc2c75000 	C:\Windows\System32\shlwapi.dll
0x00007ffcc0900000 - 0x00007ffcc0925000 	C:\Windows\SYSTEM32\profapi.dll
0x00007ffc97380000 - 0x00007ffc97457000 	C:\Users\kiril\.jdks\openjdk-21\bin\jsvml.dll
0x00007ffcb5000000 - 0x00007ffcb5010000 	C:\Users\kiril\.jdks\openjdk-21\bin\net.dll
0x00007ffcb9c10000 - 0x00007ffcb9d1a000 	C:\Windows\SYSTEM32\WINHTTP.dll
0x00007ffcbfbe0000 - 0x00007ffcbfc4a000 	C:\Windows\system32\mswsock.dll
0x00007ffcb4d10000 - 0x00007ffcb4d26000 	C:\Users\kiril\.jdks\openjdk-21\bin\nio.dll
0x00007ffcb4820000 - 0x00007ffcb4838000 	C:\Users\kiril\.jdks\openjdk-21\bin\zip.dll
0x00007ffcb8b80000 - 0x00007ffcb8b9a000 	D:\IntelliJ IDEA Community Edition 2023.2\bin\breakgen64.dll
0x00000222cbb20000 - 0x00000222cbb23000 	C:\Users\kiril\.openjfx\cache\20.0.1+2\amd64\api-ms-win-core-console-l1-1-0.dll
0x00000222cbb30000 - 0x00000222cbb33000 	C:\Users\kiril\.openjfx\cache\20.0.1+2\amd64\api-ms-win-core-console-l1-2-0.dll
0x00000222cbb40000 - 0x00000222cbb43000 	C:\Users\kiril\.openjfx\cache\20.0.1+2\amd64\api-ms-win-core-datetime-l1-1-0.dll
0x00000222cbb50000 - 0x00000222cbb53000 	C:\Users\kiril\.openjfx\cache\20.0.1+2\amd64\api-ms-win-core-debug-l1-1-0.dll
0x00000222cbb60000 - 0x00000222cbb63000 	C:\Users\kiril\.openjfx\cache\20.0.1+2\amd64\api-ms-win-core-errorhandling-l1-1-0.dll
0x00000222cbb70000 - 0x00000222cbb74000 	C:\Users\kiril\.openjfx\cache\20.0.1+2\amd64\api-ms-win-core-file-l1-1-0.dll
0x00000222cbb80000 - 0x00000222cbb83000 	C:\Users\kiril\.openjfx\cache\20.0.1+2\amd64\api-ms-win-core-file-l1-2-0.dll
0x00000222cbb90000 - 0x00000222cbb93000 	C:\Users\kiril\.openjfx\cache\20.0.1+2\amd64\api-ms-win-core-file-l2-1-0.dll
0x00000222cbba0000 - 0x00000222cbba3000 	C:\Users\kiril\.openjfx\cache\20.0.1+2\amd64\api-ms-win-core-handle-l1-1-0.dll
0x00000222cbbb0000 - 0x00000222cbbb3000 	C:\Users\kiril\.openjfx\cache\20.0.1+2\amd64\api-ms-win-core-heap-l1-1-0.dll
0x00000222cbbc0000 - 0x00000222cbbc3000 	C:\Users\kiril\.openjfx\cache\20.0.1+2\amd64\api-ms-win-core-interlocked-l1-1-0.dll
0x00000222cbbd0000 - 0x00000222cbbd3000 	C:\Users\kiril\.openjfx\cache\20.0.1+2\amd64\api-ms-win-core-libraryloader-l1-1-0.dll
0x00000222cbbe0000 - 0x00000222cbbe3000 	C:\Users\kiril\.openjfx\cache\20.0.1+2\amd64\api-ms-win-core-localization-l1-2-0.dll
0x00000222ec8f0000 - 0x00000222ec8f3000 	C:\Users\kiril\.openjfx\cache\20.0.1+2\amd64\api-ms-win-core-memory-l1-1-0.dll
0x00000222ec900000 - 0x00000222ec903000 	C:\Users\kiril\.openjfx\cache\20.0.1+2\amd64\api-ms-win-core-namedpipe-l1-1-0.dll
0x00000222eccc0000 - 0x00000222eccc3000 	C:\Users\kiril\.openjfx\cache\20.0.1+2\amd64\api-ms-win-core-processenvironment-l1-1-0.dll
0x00000222eccd0000 - 0x00000222eccd3000 	C:\Users\kiril\.openjfx\cache\20.0.1+2\amd64\api-ms-win-core-processthreads-l1-1-0.dll
0x00000222ecce0000 - 0x00000222ecce3000 	C:\Users\kiril\.openjfx\cache\20.0.1+2\amd64\api-ms-win-core-processthreads-l1-1-1.dll
0x00000222ec910000 - 0x00000222ec913000 	C:\Users\kiril\.openjfx\cache\20.0.1+2\amd64\api-ms-win-core-profile-l1-1-0.dll
0x00000222ec920000 - 0x00000222ec923000 	C:\Users\kiril\.openjfx\cache\20.0.1+2\amd64\api-ms-win-core-rtlsupport-l1-1-0.dll
0x00000222ec930000 - 0x00000222ec933000 	C:\Users\kiril\.openjfx\cache\20.0.1+2\amd64\api-ms-win-core-string-l1-1-0.dll
0x00000222ec940000 - 0x00000222ec943000 	C:\Users\kiril\.openjfx\cache\20.0.1+2\amd64\api-ms-win-core-synch-l1-1-0.dll
0x00000222ec950000 - 0x00000222ec953000 	C:\Users\kiril\.openjfx\cache\20.0.1+2\amd64\api-ms-win-core-synch-l1-2-0.dll
0x00000222ec960000 - 0x00000222ec963000 	C:\Users\kiril\.openjfx\cache\20.0.1+2\amd64\api-ms-win-core-sysinfo-l1-1-0.dll
0x00000222ec970000 - 0x00000222ec973000 	C:\Users\kiril\.openjfx\cache\20.0.1+2\amd64\api-ms-win-core-timezone-l1-1-0.dll
0x00000222ec980000 - 0x00000222ec983000 	C:\Users\kiril\.openjfx\cache\20.0.1+2\amd64\api-ms-win-core-util-l1-1-0.dll
0x00000222ec990000 - 0x00000222ec993000 	C:\Users\kiril\.openjfx\cache\20.0.1+2\amd64\api-ms-win-crt-conio-l1-1-0.dll
0x00000222ec9a0000 - 0x00000222ec9a4000 	C:\Users\kiril\.openjfx\cache\20.0.1+2\amd64\api-ms-win-crt-convert-l1-1-0.dll
0x00000222ec9b0000 - 0x00000222ec9b3000 	C:\Users\kiril\.openjfx\cache\20.0.1+2\amd64\api-ms-win-crt-environment-l1-1-0.dll
0x00000222ec9c0000 - 0x00000222ec9c3000 	C:\Users\kiril\.openjfx\cache\20.0.1+2\amd64\api-ms-win-crt-filesystem-l1-1-0.dll
0x00000222ec9d0000 - 0x00000222ec9d3000 	C:\Users\kiril\.openjfx\cache\20.0.1+2\amd64\api-ms-win-crt-heap-l1-1-0.dll
0x00000222ec9e0000 - 0x00000222ec9e3000 	C:\Users\kiril\.openjfx\cache\20.0.1+2\amd64\api-ms-win-crt-locale-l1-1-0.dll
0x00000222ec9f0000 - 0x00000222ec9f5000 	C:\Users\kiril\.openjfx\cache\20.0.1+2\amd64\api-ms-win-crt-math-l1-1-0.dll
0x00000222eca00000 - 0x00000222eca05000 	C:\Users\kiril\.openjfx\cache\20.0.1+2\amd64\api-ms-win-crt-multibyte-l1-1-0.dll
0x00000222eca10000 - 0x00000222eca20000 	C:\Users\kiril\.openjfx\cache\20.0.1+2\amd64\api-ms-win-crt-private-l1-1-0.dll
0x00000222eca20000 - 0x00000222eca23000 	C:\Users\kiril\.openjfx\cache\20.0.1+2\amd64\api-ms-win-crt-process-l1-1-0.dll
0x00000222eca30000 - 0x00000222eca34000 	C:\Users\kiril\.openjfx\cache\20.0.1+2\amd64\api-ms-win-crt-runtime-l1-1-0.dll
0x00000222eca40000 - 0x00000222eca44000 	C:\Users\kiril\.openjfx\cache\20.0.1+2\amd64\api-ms-win-crt-stdio-l1-1-0.dll
0x00000222eca50000 - 0x00000222eca54000 	C:\Users\kiril\.openjfx\cache\20.0.1+2\amd64\api-ms-win-crt-string-l1-1-0.dll
0x00000222eca60000 - 0x00000222eca63000 	C:\Users\kiril\.openjfx\cache\20.0.1+2\amd64\api-ms-win-crt-time-l1-1-0.dll
0x00000222eca70000 - 0x00000222eca73000 	C:\Users\kiril\.openjfx\cache\20.0.1+2\amd64\api-ms-win-crt-utility-l1-1-0.dll
0x00007ffca1e90000 - 0x00007ffca1f8c000 	C:\Users\kiril\.openjfx\cache\20.0.1+2\amd64\ucrtbase.dll
0x00007ffcb4800000 - 0x00007ffcb481b000 	C:\Users\kiril\.openjfx\cache\20.0.1+2\amd64\vcruntime140.dll
0x00007ffcb47f0000 - 0x00007ffcb47fc000 	C:\Users\kiril\.openjfx\cache\20.0.1+2\amd64\vcruntime140_1.dll
0x00007ffcaa2f0000 - 0x00007ffcaa37e000 	C:\Users\kiril\.openjfx\cache\20.0.1+2\amd64\msvcp140.dll
0x00007ffcb47e0000 - 0x00007ffcb47e9000 	C:\Users\kiril\.openjfx\cache\20.0.1+2\amd64\msvcp140_1.dll
0x00007ffcb47b0000 - 0x00007ffcb47e0000 	C:\Users\kiril\.openjfx\cache\20.0.1+2\amd64\msvcp140_2.dll
0x00007ffcb45f0000 - 0x00007ffcb461f000 	C:\Users\kiril\.openjfx\cache\20.0.1+2\amd64\prism_d3d.dll
0x00007ffc891c0000 - 0x00007ffc8938d000 	C:\Windows\system32\d3d9.dll
0x00007ffcbe000000 - 0x00007ffcbe02f000 	C:\Windows\SYSTEM32\dwmapi.dll
0x00007ffcbdd30000 - 0x00007ffcbddce000 	C:\Windows\system32\uxtheme.dll
0x00007ffcb7360000 - 0x00007ffcb751b000 	C:\Windows\System32\DriverStore\FileRepository\u0394471.inf_amd64_f618062c68f63ad7\B394303\aticfx64.dll
0x00007ffca4ed0000 - 0x00007ffca4f04000 	C:\Windows\System32\DriverStore\FileRepository\u0394471.inf_amd64_f618062c68f63ad7\B394303\atiu9p64.dll
0x00007ffc6c370000 - 0x00007ffc6d0c5000 	C:\Windows\System32\DriverStore\FileRepository\u0394471.inf_amd64_f618062c68f63ad7\B394303\atiumd64.dll
0x00007ffcc2f30000 - 0x00007ffcc305a000 	C:\Windows\System32\ole32.dll
0x0000000060390000 - 0x00000000612a2000 	C:\Windows\System32\DriverStore\FileRepository\u0394471.inf_amd64_f618062c68f63ad7\B394303\atiumd6a.dll
0x00007ffcc1350000 - 0x00007ffcc17be000 	C:\Windows\System32\SETUPAPI.dll
0x00007ffcc0d80000 - 0x00007ffcc0dce000 	C:\Windows\System32\cfgmgr32.dll
0x00007ffcc0c30000 - 0x00007ffcc0c57000 	C:\Windows\System32\bcrypt.dll
0x00007ffcb3600000 - 0x00007ffcb3635000 	C:\Windows\SYSTEM32\amdihk64.dll
0x00007ffca4ad0000 - 0x00007ffca4b12000 	C:\Users\kiril\.openjfx\cache\20.0.1+2\amd64\glass.dll
0x00007ffcc22a0000 - 0x00007ffcc237a000 	C:\Windows\System32\COMDLG32.dll
0x00007ffcc2d20000 - 0x00007ffcc2ded000 	C:\Windows\System32\OLEAUT32.dll
0x00007ffcc3190000 - 0x00007ffcc32a4000 	C:\Windows\System32\MSCTF.dll
0x00007ffcb79a0000 - 0x00007ffcb79db000 	C:\Windows\SYSTEM32\dxcore.dll
0x00007ffcad050000 - 0x00007ffcad064000 	C:\Users\kiril\.openjfx\cache\20.0.1+2\amd64\javafx_font.dll
0x00007ffcac360000 - 0x00007ffcac5df000 	C:\Windows\SYSTEM32\dwrite.dll
0x00007ffcc17c0000 - 0x00007ffcc1869000 	C:\Windows\System32\clbcatq.dll
0x00007ffcb9750000 - 0x00007ffcb9904000 	C:\Windows\SYSTEM32\WindowsCodecs.dll
0x00007ffcabff0000 - 0x00007ffcac02e000 	C:\Windows\system32\dataexchange.dll
0x00007ffcbbf00000 - 0x00007ffcbc163000 	C:\Windows\system32\d3d11.dll
0x00007ffcbcec0000 - 0x00007ffcbd0a3000 	C:\Windows\system32\dcomp.dll
0x00007ffcbebf0000 - 0x00007ffcbece3000 	C:\Windows\system32\dxgi.dll
0x00007ffcb9a00000 - 0x00007ffcb9c07000 	C:\Windows\system32\twinapi.appcore.dll
0x00007ffcaa2b0000 - 0x00007ffcaa2e4000 	C:\Program Files\Common Files\Microsoft Shared\Ink\rtscom.dll
0x00007ffcb23c0000 - 0x00007ffcb24ba000 	C:\Windows\SYSTEM32\textinputframework.dll
0x00007ffcbd7b0000 - 0x00007ffcbd8a2000 	C:\Windows\System32\CoreMessaging.dll
0x00007ffcbd450000 - 0x00007ffcbd7ae000 	C:\Windows\System32\CoreUIComponents.dll
0x00007ffcc0700000 - 0x00007ffcc0733000 	C:\Windows\SYSTEM32\ntmarta.dll
0x00007ffcbcc00000 - 0x00007ffcbcd55000 	C:\Windows\SYSTEM32\wintypes.dll
0x00007ffcbc640000 - 0x00007ffcbcc00000 	C:\Windows\SYSTEM32\d2d1.dll

dbghelp: loaded successfully - version: 4.0.5 - missing functions: none
symbol engine: initialized successfully - sym options: 0x614 - pdb path: .;C:\Users\kiril\.jdks\openjdk-21\bin;C:\Windows\SYSTEM32;C:\Windows\WinSxS\amd64_microsoft.windows.common-controls_6595b64144ccf1df_6.0.19041.1110_none_60b5254171f9507e;C:\Users\kiril\.jdks\openjdk-21\bin\server;D:\IntelliJ IDEA Community Edition 2023.2\bin;C:\Users\kiril\.openjfx\cache\20.0.1+2\amd64;C:\Windows\System32\DriverStore\FileRepository\u0394471.inf_amd64_f618062c68f63ad7\B394303;C:\Program Files\Common Files\Microsoft Shared\Ink

VM Arguments:
jvm_args: -javaagent:D:\IntelliJ IDEA Community Edition 2023.2\lib\idea_rt.jar=50994:D:\IntelliJ IDEA Community Edition 2023.2\bin -Dfile.encoding=UTF-8 -Dsun.stdout.encoding=UTF-8 -Dsun.stderr.encoding=UTF-8 --module-path=C:\Users\kiril\.m2\repository\org\openjfx\javafx-fxml\20.0.1\javafx-fxml-20.0.1-win.jar;E:\localCopy\app\cryptoapp\app\target\classes;C:\Users\kiril\.m2\repository\org\openjfx\javafx-graphics\20.0.1\javafx-graphics-20.0.1-win.jar;C:\Users\kiril\.m2\repository\org\openjfx\javafx-controls\20.0.1\javafx-controls-20.0.1-win.jar;C:\Users\kiril\.m2\repository\org\openjfx\javafx-base\20.0.1\javafx-base-20.0.1-win.jar -Djdk.module.main=vshp.group.app 
java_command: vshp.group.app/vshp.group.app.HelloApplication
java_class_path (initial): C:\Users\kiril\.m2\repository\org\openjfx\javafx-controls\20.0.1\javafx-controls-20.0.1.jar;C:\Users\kiril\.m2\repository\org\openjfx\javafx-graphics\20.0.1\javafx-graphics-20.0.1.jar;C:\Users\kiril\.m2\repository\org\openjfx\javafx-base\20.0.1\javafx-base-20.0.1.jar;C:\Users\kiril\.m2\repository\org\openjfx\javafx-fxml\20.0.1\javafx-fxml-20.0.1.jar
Launcher Type: SUN_STANDARD

[Global flags]
     intx CICompilerCount                          = 12                                        {product} {ergonomic}
     uint ConcGCThreads                            = 5                                         {product} {ergonomic}
     uint G1ConcRefinementThreads                  = 18                                        {product} {ergonomic}
   size_t G1HeapRegionSize                         = 2097152                                   {product} {ergonomic}
    uintx GCDrainStackTargetSize                   = 64                                        {product} {ergonomic}
   size_t InitialHeapSize                          = 266338304                                 {product} {ergonomic}
   size_t MarkStackSize                            = 4194304                                   {product} {ergonomic}
   size_t MaxHeapSize                              = 4257218560                                {product} {ergonomic}
   size_t MaxNewSize                               = 2554331136                                {product} {ergonomic}
   size_t MinHeapDeltaBytes                        = 2097152                                   {product} {ergonomic}
   size_t MinHeapSize                              = 8388608                                   {product} {ergonomic}
    uintx NonNMethodCodeHeapSize                   = 7602480                                {pd product} {ergonomic}
    uintx NonProfiledCodeHeapSize                  = 122027880                              {pd product} {ergonomic}
    uintx ProfiledCodeHeapSize                     = 122027880                              {pd product} {ergonomic}
    uintx ReservedCodeCacheSize                    = 251658240                              {pd product} {ergonomic}
     bool SegmentedCodeCache                       = true                                      {product} {ergonomic}
   size_t SoftMaxHeapSize                          = 4257218560                             {manageable} {ergonomic}
     bool UseCompressedOops                        = true                           {product lp64_product} {ergonomic}
     bool UseG1GC                                  = true                                      {product} {ergonomic}
     bool UseLargePagesIndividualAllocation        = false                                  {pd product} {ergonomic}

Logging:
Log output configuration:
 #0: stdout all=off uptime,level,tags foldmultilines=false
 #1: stderr all=off uptime,level,tags foldmultilines=false

Environment Variables:
PATH=C:\Program Files (x86)\Common Files\Oracle\Java\javapath;C:\Windows\system32;C:\Windows;C:\Windows\System32\Wbem;C:\Windows\System32\WindowsPowerShell\v1.0\;C:\Windows\System32\OpenSSH\;C:\Program Files\Git\cmd;C:\Program Files\MySQL\MySQL Shell 8.0\bin\;C:\Users\kiril\AppData\Local\Microsoft\WindowsApps;D:\IntelliJ IDEA Community Edition 2023.2\bin;;C:\PyCharm Community Edition 2023.2\bin;;D:\Microsoft VS Code\bin;C:\Users\kiril\AppData\Local\GitHubDesktop\bin
USERNAME=kiril
OS=Windows_NT
PROCESSOR_IDENTIFIER=Intel64 Family 6 Model 63 Stepping 2, GenuineIntel
TMP=C:\Users\kiril\AppData\Local\Temp
TEMP=C:\Users\kiril\AppData\Local\Temp




---------------  S Y S T E M  ---------------

OS:
 Windows 10 , 64 bit Build 19041 (10.0.19041.3393)
OS uptime: 4 days 8:01 hours

CPU: total 24 (initial active 24) (12 cores per cpu, 2 threads per core) family 6 model 63 stepping 2 microcode 0x43, cx8, cmov, fxsr, ht, mmx, sse, sse2, sse3, ssse3, sse4.1, sse4.2, popcnt, lzcnt, tsc, tscinvbit, avx, avx2, aes, erms, clmul, bmi1, bmi2, fma, vzeroupper, clflush, rdtscp, f16c
Processor Information for all 24 processors :
  Max Mhz: 2301, Current Mhz: 2301, Mhz Limit: 2301

Memory: 4k page, system-wide physical 16236M (7184M free)
TotalPageFile size 34668M (AvailPageFile size 17190M)
current process WorkingSet (physical memory assigned to process): 166M, peak: 172M
current process commit charge ("private bytes"): 457M, peak: 475M

vm_info: OpenJDK 64-Bit Server VM (21+35-2513) for windows-amd64 JRE (21+35-2513), built on 2023-08-09T20:25:10Z by "mach5one" with MS VC++ 17.1 (VS2022)

END.
