#
# A fatal error has been detected by the Java Runtime Environment:
#
#  EXCEPTION_ACCESS_VIOLATION (0xc0000005) at pc=0x00007ffc99cf6407, pid=20876, tid=7436
#
# JRE version: OpenJDK Runtime Environment (21.0+35) (build 21+35-2513)
# Java VM: OpenJDK 64-Bit Server VM (21+35-2513, mixed mode, sharing, tiered, compressed oops, compressed class ptrs, g1 gc, windows-amd64)
# Problematic frame:
# C  [glass.dll+0x26407]
#
# No core dump will be written. Minidumps are not enabled by default on client versions of Windows
#
# If you would like to submit a bug report, please visit:
#   https://bugreport.java.com/bugreport/crash.jsp
#

---------------  S U M M A R Y ------------

Command Line: -javaagent:D:\IntelliJ IDEA Community Edition 2023.2\lib\idea_rt.jar=50773:D:\IntelliJ IDEA Community Edition 2023.2\bin -Dfile.encoding=UTF-8 -Dsun.stdout.encoding=UTF-8 -Dsun.stderr.encoding=UTF-8 --module-path=C:\Users\kiril\.m2\repository\org\openjfx\javafx-fxml\20.0.1\javafx-fxml-20.0.1-win.jar;E:\localCopy\app\cryptoapp\app\target\classes;C:\Users\kiril\.m2\repository\org\openjfx\javafx-graphics\20.0.1\javafx-graphics-20.0.1-win.jar;C:\Users\kiril\.m2\repository\org\openjfx\javafx-controls\20.0.1\javafx-controls-20.0.1-win.jar;C:\Users\kiril\.m2\repository\org\openjfx\javafx-base\20.0.1\javafx-base-20.0.1-win.jar -Djdk.module.main=vshp.group.app vshp.group.app/vshp.group.app.HelloApplication

Host: Intel(R) Xeon(R) CPU E5-2670 v3 @ 2.30GHz, 24 cores, 15G,  Windows 10 , 64 bit Build 19041 (10.0.19041.3393)
Time: Tue Oct  3 22:00:29 2023 RTZ 2 (s 10 , 64 bit Build 19041 (10.0.19041.3393) elapsed time: 65.014478 seconds (0d 0h 1m 5s)

---------------  T H R E A D  ---------------

Current thread (0x000001c54f07c6e0):  VMThread "VM Thread"          [id=7436, stack(0x0000000b5fa00000,0x0000000b5fb00000) (1024K)]

Stack: [0x0000000b5fa00000,0x0000000b5fb00000],  sp=0x0000000b5fafec90,  free space=1019k
Native frames: (J=compiled Java code, j=interpreted, Vv=VM code, C=native code)
C  [glass.dll+0x26407]


siginfo: EXCEPTION_ACCESS_VIOLATION (0xc0000005), reading address 0x0000000000000000


Registers:
RAX=0x0000000000000000, RBX=0x000001c54f085732, RCX=0x000001c54f07c6e0, RDX=0x0000000b5fafec90
RSP=0x0000000b5fafec90, RBP=0x000001c54fd7e3d8, RSI=0x000001c54fd7e3b0, RDI=0x00006a83b1c76a99
R8 =0x0000000000010002, R9 =0x00006a83b1c76a99, R10=0x0000000000008000, R11=0x0000000b5fafec20
R12=0x00007ffc99cf3d40, R13=0x00007ffc93dafe60, R14=0x0000000b5fafed88, R15=0x000001c54fd7e3b0
RIP=0x00007ffc99cf6407, EFLAGS=0x0000000000010206


Register to memory mapping:

RAX=0x0 is null
RBX=0x000001c54f085732 is a global jni handle
RCX=0x000001c54f07c6e0 points into unknown readable memory: 0x00007ffc93bc2a18 | 18 2a bc 93 fc 7f 00 00
RDX=0x0000000b5fafec90 points into unknown readable memory: 0x0000000000000000 | 00 00 00 00 00 00 00 00
RSP=0x0000000b5fafec90 points into unknown readable memory: 0x0000000000000000 | 00 00 00 00 00 00 00 00
RBP=0x000001c54fd7e3d8 points into unknown readable memory: 0x00006a83b1c76a99 | 99 6a c7 b1 83 6a 00 00
RSI=0x000001c54fd7e3b0 points into unknown readable memory: 0xf933f4f301c76a66 | 66 6a c7 01 f3 f4 33 f9
RDI=0x00006a83b1c76a99 is an unknown value
R8 =0x0000000000010002 is an unknown value
R9 =0x00006a83b1c76a99 is an unknown value
R10=0x0000000000008000 is an unknown value
R11=0x0000000b5fafec20 points into unknown readable memory: 0x000001c54fd7e3b0 | b0 e3 d7 4f c5 01 00 00
R12=0x00007ffc99cf3d40 glass.dll
R13=0x00007ffc93dafe60 jvm.dll
R14=0x0000000b5fafed88 points into unknown readable memory: 0x0000000b5fafed70 | 70 ed af 5f 0b 00 00 00
R15=0x000001c54fd7e3b0 points into unknown readable memory: 0xf933f4f301c76a66 | 66 6a c7 01 f3 f4 33 f9

Top of Stack: (sp=0x0000000b5fafec90)
0x0000000b5fafec90:   0000000000000000 000001c54fd7e3b0
0x0000000b5fafeca0:   00007ffc93dafe60 00007ffc99cf3d40
0x0000000b5fafecb0:   000001c54fd7e3b8 00007ffcc0b442d6
0x0000000b5fafecc0:   00006a83b1c76a99 000001c500000000
0x0000000b5fafecd0:   000001c54fd7e3d8 000001c54fd7e3b0
0x0000000b5fafece0:   fffffffffffffffe 0000000000000000
0x0000000b5fafecf0:   0000000000000001 00007ffc99cd0000
0x0000000b5fafed00:   0000000b5fafed78 00007ffcc0b441fb
0x0000000b5fafed10:   0000000000000000 0000000b5fafed88
0x0000000b5fafed20:   0000000b5faff060 00007ffcc0c20e40
0x0000000b5fafed30:   0000000000000001 00007ffcc0b441b4
0x0000000b5fafed40:   0000000000000000 0000000000000001
0x0000000b5fafed50:   00007ffcb79d2dd0 0000000b5fafed78
0x0000000b5fafed60:   000000000000000d 00007ffc99cf3bcd
0x0000000b5fafed70:   00007ffc99d09f88 00007ffc00000002
0x0000000b5fafed80:   0000000000000002 0000000b5fafed70
0x0000000b5fafed90:   0000000000000000 00007ffcc3309993
0x0000000b5fafeda0:   0000000000000000 00007ffc99cf3cf2
0x0000000b5fafedb0:   0000000000000001 0000000000000000
0x0000000b5fafedc0:   0000000000000000 00007ffcc0c20e40
0x0000000b5fafedd0:   000001c52c4ecd08 00007ffcc0b3f05b
0x0000000b5fafede0:   000001c500000001 0000000000000016
0x0000000b5fafedf0:   00007ffc99cd0000 000000007ffe0384
0x0000000b5fafee00:   0000000000000000 00007ffcc3309a1d
0x0000000b5fafee10:   00007ffc99cd0000 0000000000000000
0x0000000b5fafee20:   0000000000000001 000000007ffe0385
0x0000000b5fafee30:   0000000000000000 00007ffcc334de41
0x0000000b5fafee40:   0000beb95329c100 0000000000000014
0x0000000b5fafee50:   00007ffc99cf3d40 0000000000000000
0x0000000b5fafee60:   0000000000000000 0000000b5ef12000
0x0000000b5fafee70:   000001c59501fa70 00007ffcc334dcda
0x0000000b5fafee80:   000001c59501efa0 00007ffc99cd0000 

Instructions: (pc=0x00007ffc99cf6407)
0x00007ffc99cf6307:   8b 4d 58 e8 7d cf ff ff 48 8b 4d 60 e8 74 cf ff
0x00007ffc99cf6317:   ff 48 8b 95 80 00 00 00 48 8b 8d 18 01 00 00 e8
0x00007ffc99cf6327:   66 c4 ff ff 33 d2 33 c9 e8 bc e1 ff ff 90 48 89
0x00007ffc99cf6337:   54 24 10 55 48 83 ec 20 48 8b ea 48 b8 00 00 00
0x00007ffc99cf6347:   00 00 00 00 00 48 83 c4 20 5d c3 cc 40 55 48 8b
0x00007ffc99cf6357:   ea 48 8b 01 33 c9 81 38 05 00 00 c0 0f 94 c1 8b
0x00007ffc99cf6367:   c1 5d c3 cc 40 55 48 83 ec 20 48 8b ea 8a 4d 40
0x00007ffc99cf6377:   48 83 c4 20 5d e9 63 d3 ff ff cc 40 55 48 83 ec
0x00007ffc99cf6387:   20 48 8b ea 8a 4d 20 e8 51 d3 ff ff 90 48 83 c4
0x00007ffc99cf6397:   20 5d c3 cc 40 55 48 83 ec 20 48 8b ea 48 83 c4
0x00007ffc99cf63a7:   20 5d e9 b2 d1 ff ff cc 40 55 48 83 ec 30 48 8b
0x00007ffc99cf63b7:   ea 48 8b 01 8b 10 48 89 4c 24 28 89 54 24 20 4c
0x00007ffc99cf63c7:   8d 0d 53 d6 ff ff 4c 8b 45 70 8b 55 68 48 8b 4d
0x00007ffc99cf63d7:   60 e8 f3 d0 ff ff 90 48 83 c4 30 5d c3 cc cc cc
0x00007ffc99cf63e7:   cc cc cc cc cc cc cc cc cc 40 53 48 83 ec 20 48
0x00007ffc99cf63f7:   8b 1d 8b 35 01 00 48 85 db 74 16 e8 79 8b ff ff
0x00007ffc99cf6407:   4c 8b 00 48 8b d3 48 8b c8 41 ff 90 b0 00 00 00
0x00007ffc99cf6417:   90 48 83 c4 20 5b c3 cc cc 40 53 48 83 ec 20 48
0x00007ffc99cf6427:   8b 1d fb 36 01 00 48 85 db 74 57 b8 ff ff ff ff
0x00007ffc99cf6437:   f0 0f c1 43 10 83 f8 01 75 3d 48 85 db 74 38 48
0x00007ffc99cf6447:   8b 0b 48 85 c9 74 0d ff 15 54 0e 00 00 48 c7 03
0x00007ffc99cf6457:   00 00 00 00 48 8b 4b 08 48 85 c9 74 0d e8 23 ce
0x00007ffc99cf6467:   ff ff 48 c7 43 08 00 00 00 00 ba 18 00 00 00 48
0x00007ffc99cf6477:   8b cb e8 0e ce ff ff 48 c7 05 9f 36 01 00 00 00
0x00007ffc99cf6487:   00 00 48 83 c4 20 5b c3 cc 40 53 48 83 ec 20 48
0x00007ffc99cf6497:   8b 1d 6b 36 01 00 48 85 db 74 57 b8 ff ff ff ff
0x00007ffc99cf64a7:   f0 0f c1 43 10 83 f8 01 75 3d 48 85 db 74 38 48
0x00007ffc99cf64b7:   8b 0b 48 85 c9 74 0d ff 15 e4 0d 00 00 48 c7 03
0x00007ffc99cf64c7:   00 00 00 00 48 8b 4b 08 48 85 c9 74 0d e8 b3 cd
0x00007ffc99cf64d7:   ff ff 48 c7 43 08 00 00 00 00 ba 18 00 00 00 48
0x00007ffc99cf64e7:   8b cb e8 9e cd ff ff 48 c7 05 0f 36 01 00 00 00
0x00007ffc99cf64f7:   00 00 48 83 c4 20 5b c3 cc 40 53 48 83 ec 20 48 


Stack slot to memory mapping:

stack at sp + 0 slots: 0x0 is null
stack at sp + 1 slots: 0x000001c54fd7e3b0 points into unknown readable memory: 0xf933f4f301c76a66 | 66 6a c7 01 f3 f4 33 f9
stack at sp + 2 slots: 0x00007ffc93dafe60 jvm.dll
stack at sp + 3 slots: 0x00007ffc99cf3d40 glass.dll
stack at sp + 4 slots: 0x000001c54fd7e3b8 points into unknown readable memory: 0x00006a83b1c76a99 | 99 6a c7 b1 83 6a 00 00
stack at sp + 5 slots: 0x00007ffcc0b442d6 ucrtbase.dll
stack at sp + 6 slots: 0x00006a83b1c76a99 is an unknown value
stack at sp + 7 slots: 0x000001c500000000 is an unknown value

VM_Operation (0x0000000b5f0fef90): Exit, mode: safepoint, requested by thread 0x000001c595690e20


---------------  P R O C E S S  ---------------

Threads class SMR info:
_java_thread_list=0x000001c59fc9b740, length=19, elements={
0x000001c52c50f460, 0x000001c54f09d3d0, 0x000001c54f09f1a0, 0x000001c54f0a2af0,
0x000001c54f0a3550, 0x000001c54f0a3fb0, 0x000001c54f0b9ff0, 0x000001c54f0bce10,
0x000001c54f30c7b0, 0x000001c54fb5ded0, 0x000001c54f64f520, 0x000001c54fc52720,
0x000001c54fd90ba0, 0x000001c54fd94210, 0x000001c595367790, 0x000001c595349270,
0x000001c595693580, 0x000001c595690100, 0x000001c595690e20
}

Java Threads: ( => current thread )
  0x000001c52c50f460 JavaThread "main"                              [_thread_blocked, id=2976, stack(0x0000000b5f300000,0x0000000b5f400000) (1024K)]
  0x000001c54f09d3d0 JavaThread "Reference Handler"          daemon [_thread_blocked, id=1320, stack(0x0000000b5fb00000,0x0000000b5fc00000) (1024K)]
  0x000001c54f09f1a0 JavaThread "Finalizer"                  daemon [_thread_blocked, id=3780, stack(0x0000000b5fc00000,0x0000000b5fd00000) (1024K)]
  0x000001c54f0a2af0 JavaThread "Attach Listener"            daemon [_thread_blocked, id=9128, stack(0x0000000b5fe00000,0x0000000b5ff00000) (1024K)]
  0x000001c54f0a3550 JavaThread "Service Thread"             daemon [_thread_blocked, id=17292, stack(0x0000000b5ff00000,0x0000000b60000000) (1024K)]
  0x000001c54f0a3fb0 JavaThread "Monitor Deflation Thread"   daemon [_thread_blocked, id=13628, stack(0x0000000b60000000,0x0000000b60100000) (1024K)]
  0x000001c54f0b9ff0 JavaThread "C2 CompilerThread0"         daemon [_thread_blocked, id=6904, stack(0x0000000b60100000,0x0000000b60200000) (1024K)]
  0x000001c54f0bce10 JavaThread "C1 CompilerThread0"         daemon [_thread_blocked, id=5408, stack(0x0000000b60200000,0x0000000b60300000) (1024K)]
  0x000001c54f30c7b0 JavaThread "Common-Cleaner"             daemon [_thread_blocked, id=20372, stack(0x0000000b60400000,0x0000000b60500000) (1024K)]
  0x000001c54fb5ded0 JavaThread "Monitor Ctrl-Break"         daemon [_thread_in_native, id=14832, stack(0x0000000b60b00000,0x0000000b60c00000) (1024K)]
  0x000001c54f64f520 JavaThread "Notification Thread"        daemon [_thread_blocked, id=10560, stack(0x0000000b60c00000,0x0000000b60d00000) (1024K)]
  0x000001c54fc52720 JavaThread "QuantumRenderer-0"          daemon [_thread_blocked, id=1684, stack(0x0000000b60d00000,0x0000000b60e00000) (1024K)]
  0x000001c54fd90ba0 JavaThread "InvokeLaterDispatcher"      daemon [_thread_blocked, id=10256, stack(0x0000000b60700000,0x0000000b60800000) (1024K)]
  0x000001c54fd94210 JavaThread "JavaFX Application Thread"         [_thread_in_native, id=4960, stack(0x0000000b60800000,0x0000000b60900000) (1024K)]
  0x000001c595367790 JavaThread "Thread-1"                   daemon [_thread_in_native, id=3640, stack(0x0000000b61800000,0x0000000b61900000) (1024K)]
  0x000001c595349270 JavaThread "JavaFX-Launcher"                   [_thread_blocked, id=17556, stack(0x0000000b61900000,0x0000000b61a00000) (1024K)]
  0x000001c595693580 JavaThread "Prism Font Disposer"        daemon [_thread_blocked, id=18272, stack(0x0000000b62100000,0x0000000b62200000) (1024K)]
  0x000001c595690100 JavaThread "Cleaner-0"                  daemon [_thread_blocked, id=7736, stack(0x0000000b62d00000,0x0000000b62e00000) (1024K)]
  0x000001c595690e20 JavaThread "SIGINT handler"             daemon [_thread_blocked, id=11420, stack(0x0000000b5f000000,0x0000000b5f100000) (1024K)]
Total: 19

Other Threads:
=>0x000001c54f07c6e0 VMThread "VM Thread"                           [id=7436, stack(0x0000000b5fa00000,0x0000000b5fb00000) (1024K)]
  0x000001c52e94e120 WorkerThread "GC Thread#0"                     [id=15348, stack(0x0000000b5f400000,0x0000000b5f500000) (1024K)]
  0x000001c54f07b860 WorkerThread "GC Thread#1"                     [id=3912, stack(0x0000000b61a00000,0x0000000b61b00000) (1024K)]
  0x000001c54f07bc00 WorkerThread "GC Thread#2"                     [id=19860, stack(0x0000000b61b00000,0x0000000b61c00000) (1024K)]
  0x000001c54f07bfa0 WorkerThread "GC Thread#3"                     [id=11520, stack(0x0000000b61c00000,0x0000000b61d00000) (1024K)]
  0x000001c54f07c340 WorkerThread "GC Thread#4"                     [id=1896, stack(0x0000000b61d00000,0x0000000b61e00000) (1024K)]
  0x000001c595375180 WorkerThread "GC Thread#5"                     [id=13224, stack(0x0000000b61e00000,0x0000000b61f00000) (1024K)]
  0x000001c595373bc0 WorkerThread "GC Thread#6"                     [id=17768, stack(0x0000000b62000000,0x0000000b62100000) (1024K)]
  0x000001c595373480 WorkerThread "GC Thread#7"                     [id=11720, stack(0x0000000b62300000,0x0000000b62400000) (1024K)]
  0x000001c595371b20 WorkerThread "GC Thread#8"                     [id=4152, stack(0x0000000b62400000,0x0000000b62500000) (1024K)]
  0x000001c595373f60 WorkerThread "GC Thread#9"                     [id=14836, stack(0x0000000b62500000,0x0000000b62600000) (1024K)]
  0x000001c595373820 WorkerThread "GC Thread#10"                    [id=13852, stack(0x0000000b62600000,0x0000000b62700000) (1024K)]
  0x000001c595374300 WorkerThread "GC Thread#11"                    [id=19752, stack(0x0000000b62700000,0x0000000b62800000) (1024K)]
  0x000001c595371ec0 WorkerThread "GC Thread#12"                    [id=18856, stack(0x0000000b62800000,0x0000000b62900000) (1024K)]
  0x000001c595372260 WorkerThread "GC Thread#13"                    [id=11232, stack(0x0000000b62900000,0x0000000b62a00000) (1024K)]
  0x000001c52e95f110 ConcurrentGCThread "G1 Main Marker"            terminated
  0x000001c52e9603b0 WorkerThread "G1 Conc#0"                       [id=6956, stack(0x0000000b5f600000,0x0000000b5f700000) (1024K)]
  0x000001c54ef32810 ConcurrentGCThread "G1 Refine#0"               terminated
  0x000001c54ef33030 ConcurrentGCThread "G1 Service"                terminated
Total: 19

Threads with active compile tasks:
Total: 0

VM state: at safepoint (shutting down)

VM Mutex/Monitor currently owned by a thread:  ([mutex/lock_event])
[0x00007ffc93d88548] Threads_lock - owner thread: 0x000001c54f07c6e0
[0x00007ffc93d88648] Heap_lock - owner thread: 0x000001c595690e20

Heap address: 0x0000000702400000, size: 4060 MB, Compressed Oops mode: Zero based, Oop shift amount: 3

CDS archive(s) mapped at: [0x000001c550000000-0x000001c550c90000-0x000001c550c90000), size 13172736, SharedBaseAddress: 0x000001c550000000, ArchiveRelocationMode: 1.
Compressed class space mapped at: 0x000001c551000000-0x000001c591000000, reserved size: 1073741824
Narrow klass base: 0x000001c550000000, Narrow klass shift: 0, Narrow klass range: 0x100000000

GC Precious Log:
 CardTable entry size: 512
 Card Set container configuration: InlinePtr #cards 4 size 8 Array Of Cards #cards 16 size 48 Howl #buckets 8 coarsen threshold 3686 Howl Bitmap #cards 512 size 80 coarsen threshold 460 Card regions per heap region 1 cards per card region 4096
 CPUs: 24 total, 24 available
 Memory: 16236M
 Large Page Support: Disabled
 NUMA Support: Disabled
 Compressed Oops: Enabled (Zero based)
 Heap Region Size: 2M
 Heap Min Capacity: 8M
 Heap Initial Capacity: 254M
 Heap Max Capacity: 4060M
 Pre-touch: Disabled
 Parallel Workers: 18
 Concurrent Workers: 5
 Concurrent Refinement Workers: 18
 Periodic GC: Disabled

Heap:
 garbage-first heap   total 260096K, used 65888K [0x0000000702400000, 0x0000000800000000)
  region size 2048K, 32 young (65536K), 3 survivors (6144K)
 Metaspace       used 19238K, committed 19584K, reserved 1114112K
  class space    used 2593K, committed 2752K, reserved 1048576K

Heap Regions: E=young(eden), S=young(survivor), O=old, HS=humongous(starts), HC=humongous(continues), CS=collection set, F=free, TAMS=top-at-mark-start, PB=parsable bottom
|   0|0x0000000702400000, 0x0000000702458278, 0x0000000702600000| 17%| O|  |TAMS 0x0000000702400000| PB 0x0000000702400000| Untracked 
|   1|0x0000000702600000, 0x0000000702800000, 0x0000000702800000|100%|HS|  |TAMS 0x0000000702600000| PB 0x0000000702600000| Complete 
|   2|0x0000000702800000, 0x0000000702800000, 0x0000000702a00000|  0%| F|  |TAMS 0x0000000702800000| PB 0x0000000702800000| Untracked 
|   3|0x0000000702a00000, 0x0000000702a00000, 0x0000000702c00000|  0%| F|  |TAMS 0x0000000702a00000| PB 0x0000000702a00000| Untracked 
|   4|0x0000000702c00000, 0x0000000702c00000, 0x0000000702e00000|  0%| F|  |TAMS 0x0000000702c00000| PB 0x0000000702c00000| Untracked 
|   5|0x0000000702e00000, 0x0000000702e00000, 0x0000000703000000|  0%| F|  |TAMS 0x0000000702e00000| PB 0x0000000702e00000| Untracked 
|   6|0x0000000703000000, 0x0000000703000000, 0x0000000703200000|  0%| F|  |TAMS 0x0000000703000000| PB 0x0000000703000000| Untracked 
|   7|0x0000000703200000, 0x0000000703200000, 0x0000000703400000|  0%| F|  |TAMS 0x0000000703200000| PB 0x0000000703200000| Untracked 
|   8|0x0000000703400000, 0x0000000703400000, 0x0000000703600000|  0%| F|  |TAMS 0x0000000703400000| PB 0x0000000703400000| Untracked 
|   9|0x0000000703600000, 0x0000000703600000, 0x0000000703800000|  0%| F|  |TAMS 0x0000000703600000| PB 0x0000000703600000| Untracked 
|  10|0x0000000703800000, 0x0000000703800000, 0x0000000703a00000|  0%| F|  |TAMS 0x0000000703800000| PB 0x0000000703800000| Untracked 
|  11|0x0000000703a00000, 0x0000000703a00000, 0x0000000703c00000|  0%| F|  |TAMS 0x0000000703a00000| PB 0x0000000703a00000| Untracked 
|  12|0x0000000703c00000, 0x0000000703c00000, 0x0000000703e00000|  0%| F|  |TAMS 0x0000000703c00000| PB 0x0000000703c00000| Untracked 
|  13|0x0000000703e00000, 0x0000000703e00000, 0x0000000704000000|  0%| F|  |TAMS 0x0000000703e00000| PB 0x0000000703e00000| Untracked 
|  14|0x0000000704000000, 0x0000000704000000, 0x0000000704200000|  0%| F|  |TAMS 0x0000000704000000| PB 0x0000000704000000| Untracked 
|  15|0x0000000704200000, 0x0000000704200000, 0x0000000704400000|  0%| F|  |TAMS 0x0000000704200000| PB 0x0000000704200000| Untracked 
|  16|0x0000000704400000, 0x0000000704400000, 0x0000000704600000|  0%| F|  |TAMS 0x0000000704400000| PB 0x0000000704400000| Untracked 
|  17|0x0000000704600000, 0x0000000704600000, 0x0000000704800000|  0%| F|  |TAMS 0x0000000704600000| PB 0x0000000704600000| Untracked 
|  18|0x0000000704800000, 0x0000000704800000, 0x0000000704a00000|  0%| F|  |TAMS 0x0000000704800000| PB 0x0000000704800000| Untracked 
|  19|0x0000000704a00000, 0x0000000704a00000, 0x0000000704c00000|  0%| F|  |TAMS 0x0000000704a00000| PB 0x0000000704a00000| Untracked 
|  20|0x0000000704c00000, 0x0000000704c00000, 0x0000000704e00000|  0%| F|  |TAMS 0x0000000704c00000| PB 0x0000000704c00000| Untracked 
|  21|0x0000000704e00000, 0x0000000704e00000, 0x0000000705000000|  0%| F|  |TAMS 0x0000000704e00000| PB 0x0000000704e00000| Untracked 
|  22|0x0000000705000000, 0x0000000705000000, 0x0000000705200000|  0%| F|  |TAMS 0x0000000705000000| PB 0x0000000705000000| Untracked 
|  23|0x0000000705200000, 0x0000000705200000, 0x0000000705400000|  0%| F|  |TAMS 0x0000000705200000| PB 0x0000000705200000| Untracked 
|  24|0x0000000705400000, 0x0000000705400000, 0x0000000705600000|  0%| F|  |TAMS 0x0000000705400000| PB 0x0000000705400000| Untracked 
|  25|0x0000000705600000, 0x0000000705600000, 0x0000000705800000|  0%| F|  |TAMS 0x0000000705600000| PB 0x0000000705600000| Untracked 
|  26|0x0000000705800000, 0x0000000705800000, 0x0000000705a00000|  0%| F|  |TAMS 0x0000000705800000| PB 0x0000000705800000| Untracked 
|  27|0x0000000705a00000, 0x0000000705a00000, 0x0000000705c00000|  0%| F|  |TAMS 0x0000000705a00000| PB 0x0000000705a00000| Untracked 
|  28|0x0000000705c00000, 0x0000000705c00000, 0x0000000705e00000|  0%| F|  |TAMS 0x0000000705c00000| PB 0x0000000705c00000| Untracked 
|  29|0x0000000705e00000, 0x0000000705e00000, 0x0000000706000000|  0%| F|  |TAMS 0x0000000705e00000| PB 0x0000000705e00000| Untracked 
|  30|0x0000000706000000, 0x0000000706000000, 0x0000000706200000|  0%| F|  |TAMS 0x0000000706000000| PB 0x0000000706000000| Untracked 
|  31|0x0000000706200000, 0x0000000706200000, 0x0000000706400000|  0%| F|  |TAMS 0x0000000706200000| PB 0x0000000706200000| Untracked 
|  32|0x0000000706400000, 0x0000000706400000, 0x0000000706600000|  0%| F|  |TAMS 0x0000000706400000| PB 0x0000000706400000| Untracked 
|  33|0x0000000706600000, 0x0000000706600000, 0x0000000706800000|  0%| F|  |TAMS 0x0000000706600000| PB 0x0000000706600000| Untracked 
|  34|0x0000000706800000, 0x0000000706800000, 0x0000000706a00000|  0%| F|  |TAMS 0x0000000706800000| PB 0x0000000706800000| Untracked 
|  35|0x0000000706a00000, 0x0000000706a00000, 0x0000000706c00000|  0%| F|  |TAMS 0x0000000706a00000| PB 0x0000000706a00000| Untracked 
|  36|0x0000000706c00000, 0x0000000706c00000, 0x0000000706e00000|  0%| F|  |TAMS 0x0000000706c00000| PB 0x0000000706c00000| Untracked 
|  37|0x0000000706e00000, 0x0000000706e00000, 0x0000000707000000|  0%| F|  |TAMS 0x0000000706e00000| PB 0x0000000706e00000| Untracked 
|  38|0x0000000707000000, 0x0000000707000000, 0x0000000707200000|  0%| F|  |TAMS 0x0000000707000000| PB 0x0000000707000000| Untracked 
|  39|0x0000000707200000, 0x0000000707200000, 0x0000000707400000|  0%| F|  |TAMS 0x0000000707200000| PB 0x0000000707200000| Untracked 
|  40|0x0000000707400000, 0x0000000707400000, 0x0000000707600000|  0%| F|  |TAMS 0x0000000707400000| PB 0x0000000707400000| Untracked 
|  41|0x0000000707600000, 0x0000000707600000, 0x0000000707800000|  0%| F|  |TAMS 0x0000000707600000| PB 0x0000000707600000| Untracked 
|  42|0x0000000707800000, 0x0000000707800000, 0x0000000707a00000|  0%| F|  |TAMS 0x0000000707800000| PB 0x0000000707800000| Untracked 
|  43|0x0000000707a00000, 0x0000000707a00000, 0x0000000707c00000|  0%| F|  |TAMS 0x0000000707a00000| PB 0x0000000707a00000| Untracked 
|  44|0x0000000707c00000, 0x0000000707c00000, 0x0000000707e00000|  0%| F|  |TAMS 0x0000000707c00000| PB 0x0000000707c00000| Untracked 
|  45|0x0000000707e00000, 0x0000000707e00000, 0x0000000708000000|  0%| F|  |TAMS 0x0000000707e00000| PB 0x0000000707e00000| Untracked 
|  46|0x0000000708000000, 0x0000000708000000, 0x0000000708200000|  0%| F|  |TAMS 0x0000000708000000| PB 0x0000000708000000| Untracked 
|  47|0x0000000708200000, 0x0000000708200000, 0x0000000708400000|  0%| F|  |TAMS 0x0000000708200000| PB 0x0000000708200000| Untracked 
|  48|0x0000000708400000, 0x0000000708400000, 0x0000000708600000|  0%| F|  |TAMS 0x0000000708400000| PB 0x0000000708400000| Untracked 
|  49|0x0000000708600000, 0x0000000708600000, 0x0000000708800000|  0%| F|  |TAMS 0x0000000708600000| PB 0x0000000708600000| Untracked 
|  50|0x0000000708800000, 0x0000000708800000, 0x0000000708a00000|  0%| F|  |TAMS 0x0000000708800000| PB 0x0000000708800000| Untracked 
|  51|0x0000000708a00000, 0x0000000708a00000, 0x0000000708c00000|  0%| F|  |TAMS 0x0000000708a00000| PB 0x0000000708a00000| Untracked 
|  52|0x0000000708c00000, 0x0000000708c00000, 0x0000000708e00000|  0%| F|  |TAMS 0x0000000708c00000| PB 0x0000000708c00000| Untracked 
|  53|0x0000000708e00000, 0x0000000708e00000, 0x0000000709000000|  0%| F|  |TAMS 0x0000000708e00000| PB 0x0000000708e00000| Untracked 
|  54|0x0000000709000000, 0x0000000709000000, 0x0000000709200000|  0%| F|  |TAMS 0x0000000709000000| PB 0x0000000709000000| Untracked 
|  55|0x0000000709200000, 0x0000000709200000, 0x0000000709400000|  0%| F|  |TAMS 0x0000000709200000| PB 0x0000000709200000| Untracked 
|  56|0x0000000709400000, 0x0000000709400000, 0x0000000709600000|  0%| F|  |TAMS 0x0000000709400000| PB 0x0000000709400000| Untracked 
|  57|0x0000000709600000, 0x0000000709600000, 0x0000000709800000|  0%| F|  |TAMS 0x0000000709600000| PB 0x0000000709600000| Untracked 
|  58|0x0000000709800000, 0x0000000709800000, 0x0000000709a00000|  0%| F|  |TAMS 0x0000000709800000| PB 0x0000000709800000| Untracked 
|  59|0x0000000709a00000, 0x0000000709a00000, 0x0000000709c00000|  0%| F|  |TAMS 0x0000000709a00000| PB 0x0000000709a00000| Untracked 
|  60|0x0000000709c00000, 0x0000000709c00000, 0x0000000709e00000|  0%| F|  |TAMS 0x0000000709c00000| PB 0x0000000709c00000| Untracked 
|  61|0x0000000709e00000, 0x0000000709e00000, 0x000000070a000000|  0%| F|  |TAMS 0x0000000709e00000| PB 0x0000000709e00000| Untracked 
|  62|0x000000070a000000, 0x000000070a000000, 0x000000070a200000|  0%| F|  |TAMS 0x000000070a000000| PB 0x000000070a000000| Untracked 
|  63|0x000000070a200000, 0x000000070a200000, 0x000000070a400000|  0%| F|  |TAMS 0x000000070a200000| PB 0x000000070a200000| Untracked 
|  64|0x000000070a400000, 0x000000070a400000, 0x000000070a600000|  0%| F|  |TAMS 0x000000070a400000| PB 0x000000070a400000| Untracked 
|  65|0x000000070a600000, 0x000000070a600000, 0x000000070a800000|  0%| F|  |TAMS 0x000000070a600000| PB 0x000000070a600000| Untracked 
|  66|0x000000070a800000, 0x000000070a800000, 0x000000070aa00000|  0%| F|  |TAMS 0x000000070a800000| PB 0x000000070a800000| Untracked 
|  67|0x000000070aa00000, 0x000000070aa00000, 0x000000070ac00000|  0%| F|  |TAMS 0x000000070aa00000| PB 0x000000070aa00000| Untracked 
|  68|0x000000070ac00000, 0x000000070ac00000, 0x000000070ae00000|  0%| F|  |TAMS 0x000000070ac00000| PB 0x000000070ac00000| Untracked 
|  69|0x000000070ae00000, 0x000000070ae00000, 0x000000070b000000|  0%| F|  |TAMS 0x000000070ae00000| PB 0x000000070ae00000| Untracked 
|  70|0x000000070b000000, 0x000000070b000000, 0x000000070b200000|  0%| F|  |TAMS 0x000000070b000000| PB 0x000000070b000000| Untracked 
|  71|0x000000070b200000, 0x000000070b200000, 0x000000070b400000|  0%| F|  |TAMS 0x000000070b200000| PB 0x000000070b200000| Untracked 
|  72|0x000000070b400000, 0x000000070b400000, 0x000000070b600000|  0%| F|  |TAMS 0x000000070b400000| PB 0x000000070b400000| Untracked 
|  73|0x000000070b600000, 0x000000070b600000, 0x000000070b800000|  0%| F|  |TAMS 0x000000070b600000| PB 0x000000070b600000| Untracked 
|  74|0x000000070b800000, 0x000000070b800000, 0x000000070ba00000|  0%| F|  |TAMS 0x000000070b800000| PB 0x000000070b800000| Untracked 
|  75|0x000000070ba00000, 0x000000070ba00000, 0x000000070bc00000|  0%| F|  |TAMS 0x000000070ba00000| PB 0x000000070ba00000| Untracked 
|  76|0x000000070bc00000, 0x000000070bc00000, 0x000000070be00000|  0%| F|  |TAMS 0x000000070bc00000| PB 0x000000070bc00000| Untracked 
|  77|0x000000070be00000, 0x000000070be00000, 0x000000070c000000|  0%| F|  |TAMS 0x000000070be00000| PB 0x000000070be00000| Untracked 
|  78|0x000000070c000000, 0x000000070c000000, 0x000000070c200000|  0%| F|  |TAMS 0x000000070c000000| PB 0x000000070c000000| Untracked 
|  79|0x000000070c200000, 0x000000070c200000, 0x000000070c400000|  0%| F|  |TAMS 0x000000070c200000| PB 0x000000070c200000| Untracked 
|  80|0x000000070c400000, 0x000000070c400000, 0x000000070c600000|  0%| F|  |TAMS 0x000000070c400000| PB 0x000000070c400000| Untracked 
|  81|0x000000070c600000, 0x000000070c600000, 0x000000070c800000|  0%| F|  |TAMS 0x000000070c600000| PB 0x000000070c600000| Untracked 
|  82|0x000000070c800000, 0x000000070c800000, 0x000000070ca00000|  0%| F|  |TAMS 0x000000070c800000| PB 0x000000070c800000| Untracked 
|  83|0x000000070ca00000, 0x000000070ca00000, 0x000000070cc00000|  0%| F|  |TAMS 0x000000070ca00000| PB 0x000000070ca00000| Untracked 
|  84|0x000000070cc00000, 0x000000070cc00000, 0x000000070ce00000|  0%| F|  |TAMS 0x000000070cc00000| PB 0x000000070cc00000| Untracked 
|  85|0x000000070ce00000, 0x000000070ce00000, 0x000000070d000000|  0%| F|  |TAMS 0x000000070ce00000| PB 0x000000070ce00000| Untracked 
|  86|0x000000070d000000, 0x000000070d000000, 0x000000070d200000|  0%| F|  |TAMS 0x000000070d000000| PB 0x000000070d000000| Untracked 
|  87|0x000000070d200000, 0x000000070d200000, 0x000000070d400000|  0%| F|  |TAMS 0x000000070d200000| PB 0x000000070d200000| Untracked 
|  88|0x000000070d400000, 0x000000070d400000, 0x000000070d600000|  0%| F|  |TAMS 0x000000070d400000| PB 0x000000070d400000| Untracked 
|  89|0x000000070d600000, 0x000000070d600000, 0x000000070d800000|  0%| F|  |TAMS 0x000000070d600000| PB 0x000000070d600000| Untracked 
|  90|0x000000070d800000, 0x000000070d800000, 0x000000070da00000|  0%| F|  |TAMS 0x000000070d800000| PB 0x000000070d800000| Untracked 
|  91|0x000000070da00000, 0x000000070da00000, 0x000000070dc00000|  0%| F|  |TAMS 0x000000070da00000| PB 0x000000070da00000| Untracked 
|  92|0x000000070dc00000, 0x000000070dc00000, 0x000000070de00000|  0%| F|  |TAMS 0x000000070dc00000| PB 0x000000070dc00000| Untracked 
|  93|0x000000070de00000, 0x000000070de00000, 0x000000070e000000|  0%| F|  |TAMS 0x000000070de00000| PB 0x000000070de00000| Untracked 
|  94|0x000000070e000000, 0x000000070e000000, 0x000000070e200000|  0%| F|  |TAMS 0x000000070e000000| PB 0x000000070e000000| Untracked 
|  95|0x000000070e200000, 0x000000070e2f9b28, 0x000000070e400000| 48%| E|  |TAMS 0x000000070e200000| PB 0x000000070e200000| Complete 
|  96|0x000000070e400000, 0x000000070e600000, 0x000000070e600000|100%| E|CS|TAMS 0x000000070e400000| PB 0x000000070e400000| Complete 
|  97|0x000000070e600000, 0x000000070e800000, 0x000000070e800000|100%| E|CS|TAMS 0x000000070e600000| PB 0x000000070e600000| Complete 
|  98|0x000000070e800000, 0x000000070ea00000, 0x000000070ea00000|100%| E|CS|TAMS 0x000000070e800000| PB 0x000000070e800000| Complete 
|  99|0x000000070ea00000, 0x000000070ec00000, 0x000000070ec00000|100%| E|CS|TAMS 0x000000070ea00000| PB 0x000000070ea00000| Complete 
| 100|0x000000070ec00000, 0x000000070ee00000, 0x000000070ee00000|100%| E|CS|TAMS 0x000000070ec00000| PB 0x000000070ec00000| Complete 
| 101|0x000000070ee00000, 0x000000070f000000, 0x000000070f000000|100%| E|CS|TAMS 0x000000070ee00000| PB 0x000000070ee00000| Complete 
| 102|0x000000070f000000, 0x000000070f200000, 0x000000070f200000|100%| E|CS|TAMS 0x000000070f000000| PB 0x000000070f000000| Complete 
| 103|0x000000070f200000, 0x000000070f400000, 0x000000070f400000|100%| S|CS|TAMS 0x000000070f200000| PB 0x000000070f200000| Complete 
| 104|0x000000070f400000, 0x000000070f600000, 0x000000070f600000|100%| S|CS|TAMS 0x000000070f400000| PB 0x000000070f400000| Complete 
| 105|0x000000070f600000, 0x000000070f800000, 0x000000070f800000|100%| S|CS|TAMS 0x000000070f600000| PB 0x000000070f600000| Complete 
| 106|0x000000070f800000, 0x000000070fa00000, 0x000000070fa00000|100%| E|CS|TAMS 0x000000070f800000| PB 0x000000070f800000| Complete 
| 107|0x000000070fa00000, 0x000000070fc00000, 0x000000070fc00000|100%| E|CS|TAMS 0x000000070fa00000| PB 0x000000070fa00000| Complete 
| 108|0x000000070fc00000, 0x000000070fe00000, 0x000000070fe00000|100%| E|CS|TAMS 0x000000070fc00000| PB 0x000000070fc00000| Complete 
| 109|0x000000070fe00000, 0x0000000710000000, 0x0000000710000000|100%| E|CS|TAMS 0x000000070fe00000| PB 0x000000070fe00000| Complete 
| 110|0x0000000710000000, 0x0000000710200000, 0x0000000710200000|100%| E|CS|TAMS 0x0000000710000000| PB 0x0000000710000000| Complete 
| 111|0x0000000710200000, 0x0000000710400000, 0x0000000710400000|100%| E|CS|TAMS 0x0000000710200000| PB 0x0000000710200000| Complete 
| 112|0x0000000710400000, 0x0000000710600000, 0x0000000710600000|100%| E|CS|TAMS 0x0000000710400000| PB 0x0000000710400000| Complete 
| 113|0x0000000710600000, 0x0000000710800000, 0x0000000710800000|100%| E|CS|TAMS 0x0000000710600000| PB 0x0000000710600000| Complete 
| 114|0x0000000710800000, 0x0000000710a00000, 0x0000000710a00000|100%| E|CS|TAMS 0x0000000710800000| PB 0x0000000710800000| Complete 
| 115|0x0000000710a00000, 0x0000000710c00000, 0x0000000710c00000|100%| E|CS|TAMS 0x0000000710a00000| PB 0x0000000710a00000| Complete 
| 116|0x0000000710c00000, 0x0000000710e00000, 0x0000000710e00000|100%| E|CS|TAMS 0x0000000710c00000| PB 0x0000000710c00000| Complete 
| 117|0x0000000710e00000, 0x0000000711000000, 0x0000000711000000|100%| E|CS|TAMS 0x0000000710e00000| PB 0x0000000710e00000| Complete 
| 118|0x0000000711000000, 0x0000000711200000, 0x0000000711200000|100%| E|CS|TAMS 0x0000000711000000| PB 0x0000000711000000| Complete 
| 119|0x0000000711200000, 0x0000000711400000, 0x0000000711400000|100%| E|CS|TAMS 0x0000000711200000| PB 0x0000000711200000| Complete 
| 120|0x0000000711400000, 0x0000000711600000, 0x0000000711600000|100%| E|CS|TAMS 0x0000000711400000| PB 0x0000000711400000| Complete 
| 121|0x0000000711600000, 0x0000000711800000, 0x0000000711800000|100%| E|CS|TAMS 0x0000000711600000| PB 0x0000000711600000| Complete 
| 122|0x0000000711800000, 0x0000000711a00000, 0x0000000711a00000|100%| E|CS|TAMS 0x0000000711800000| PB 0x0000000711800000| Complete 
| 123|0x0000000711a00000, 0x0000000711c00000, 0x0000000711c00000|100%| E|CS|TAMS 0x0000000711a00000| PB 0x0000000711a00000| Complete 
| 124|0x0000000711c00000, 0x0000000711e00000, 0x0000000711e00000|100%| E|CS|TAMS 0x0000000711c00000| PB 0x0000000711c00000| Complete 
| 125|0x0000000711e00000, 0x0000000712000000, 0x0000000712000000|100%| E|CS|TAMS 0x0000000711e00000| PB 0x0000000711e00000| Complete 
| 126|0x0000000712000000, 0x0000000712200000, 0x0000000712200000|100%| E|CS|TAMS 0x0000000712000000| PB 0x0000000712000000| Complete 

Card table byte_map: [0x000001c547320000,0x000001c547b10000] _byte_map_base: 0x000001c543b0e000

Marking Bits: (CMBitMap*) 0x000001c52e94e820
 Bits: [0x000001c547b10000, 0x000001c54ba80000)

Polling page: 0x000001c52c4d0000

Metaspace:

Usage:
  Non-class:     16.25 MB used.
      Class:      2.53 MB used.
       Both:     18.79 MB used.

Virtual space:
  Non-class space:       64.00 MB reserved,      16.44 MB ( 26%) committed,  1 nodes.
      Class space:        1.00 GB reserved,       2.69 MB ( <1%) committed,  1 nodes.
             Both:        1.06 GB reserved,      19.12 MB (  2%) committed. 

Chunk freelists:
   Non-Class:  15.48 MB
       Class:  13.32 MB
        Both:  28.80 MB

MaxMetaspaceSize: unlimited
CompressedClassSpaceSize: 1.00 GB
Initial GC threshold: 21.00 MB
Current GC threshold: 21.00 MB
CDS: on
 - commit_granule_bytes: 65536.
 - commit_granule_words: 8192.
 - virtual_space_node_default_size: 8388608.
 - enlarge_chunks_in_place: 1.
 - use_allocation_guard: 0.


Internal statistics:

num_allocs_failed_limit: 0.
num_arena_births: 356.
num_arena_deaths: 0.
num_vsnodes_births: 2.
num_vsnodes_deaths: 0.
num_space_committed: 306.
num_space_uncommitted: 0.
num_chunks_returned_to_freelist: 0.
num_chunks_taken_from_freelist: 974.
num_chunk_merges: 0.
num_chunk_splits: 676.
num_chunks_enlarged: 512.
num_inconsistent_stats: 0.

CodeHeap 'non-profiled nmethods': size=119168Kb used=3053Kb max_used=3053Kb free=116114Kb
 bounds [0x000001c53e8e0000, 0x000001c53ebe0000, 0x000001c545d40000]
CodeHeap 'profiled nmethods': size=119104Kb used=12448Kb max_used=12448Kb free=106655Kb
 bounds [0x000001c536d40000, 0x000001c537970000, 0x000001c53e190000]
CodeHeap 'non-nmethods': size=7488Kb used=1826Kb max_used=3557Kb free=5661Kb
 bounds [0x000001c53e190000, 0x000001c53e590000, 0x000001c53e8e0000]
 total_blobs=6490 nmethods=5656 adapters=737
 compilation: enabled
              stopped_count=0, restarted_count=0
 full_count=0

Compilation events (20 events):
Event: 44.225 Thread 0x000001c54f0bfdc0 nmethod 5649 0x000001c537964510 code [0x000001c5379646e0, 0x000001c5379649c8]
Event: 44.243 Thread 0x000001c54f0bfdc0 5650       3       com.sun.javafx.application.PlatformImpl::isFxApplicationThread (7 bytes)
Event: 44.243 Thread 0x000001c54f0bfdc0 nmethod 5650 0x000001c537964b10 code [0x000001c537964cc0, 0x000001c537964f48]
Event: 44.244 Thread 0x000001c54f0bfdc0 5651       3       com.sun.javafx.sg.prism.NGNode::<init> (102 bytes)
Event: 44.244 Thread 0x000001c54f0b9ff0 5652       4       com.sun.javafx.sg.prism.NGNode::getEffect (19 bytes)
Event: 44.244 Thread 0x000001c54f0bfdc0 nmethod 5651 0x000001c537965010 code [0x000001c537965220, 0x000001c537965ab0]
Event: 44.244 Thread 0x000001c54f0b9ff0 nmethod 5652 0x000001c53ebd3690 code [0x000001c53ebd3820, 0x000001c53ebd38c0]
Event: 44.244 Thread 0x000001c54f0b9ff0 5654       4       com.sun.javafx.geom.RectBounds::makeEmpty (23 bytes)
Event: 44.245 Thread 0x000001c54f0b9ff0 nmethod 5654 0x000001c53ebd3990 code [0x000001c53ebd3b20, 0x000001c53ebd3bc0]
Event: 44.245 Thread 0x000001c54f0b9ff0 5653       4       com.sun.prism.paint.Color::<init> (106 bytes)
Event: 44.246 Thread 0x000001c54f0b9ff0 nmethod 5653 0x000001c53ebd3c90 code [0x000001c53ebd3e40, 0x000001c53ebd40e8]
Event: 44.247 Thread 0x000001c54f0b9ff0 5655       4       com.sun.javafx.sg.prism.NGRegion::getNormalizedFillRadii (43 bytes)
Event: 44.248 Thread 0x000001c54f0bce10 5656       3       com.sun.prism.impl.packrect.RectanglePacker::add (403 bytes)
Event: 44.248 Thread 0x000001c54f0b9ff0 nmethod 5655 0x000001c53ebd4190 code [0x000001c53ebd4340, 0x000001c53ebd44e8]
Event: 44.248 Thread 0x000001c54f0be950 5657       3       com.sun.javafx.font.directwrite.DWGlyph::isLCDGlyph (17 bytes)
Event: 44.249 Thread 0x000001c54f0be950 nmethod 5657 0x000001c537965d10 code [0x000001c537965ec0, 0x000001c5379660d0]
Event: 44.249 Thread 0x000001c54f0bce10 nmethod 5656 0x000001c537966190 code [0x000001c537966480, 0x000001c537967808]
Event: 44.328 Thread 0x000001c54f0c0490 nmethod 5612 0x000001c53ebd4690 code [0x000001c53ebd4ca0, 0x000001c53ebd8bc8]
Event: 64.647 Thread 0x000001c54f0bce10 5658       3       java.lang.String::substring (10 bytes)
Event: 64.647 Thread 0x000001c54f0bce10 nmethod 5658 0x000001c537967d10 code [0x000001c537967ee0, 0x000001c537968120]

GC Heap History (4 events):
Event: 0.893 GC heap before
{Heap before GC invocations=0 (full 0):
 garbage-first heap   total 260096K, used 22528K [0x0000000702400000, 0x0000000800000000)
  region size 2048K, 11 young (22528K), 0 survivors (0K)
 Metaspace       used 4514K, committed 4736K, reserved 1114112K
  class space    used 479K, committed 576K, reserved 1048576K
}
Event: 0.896 GC heap after
{Heap after GC invocations=1 (full 0):
 garbage-first heap   total 260096K, used 2624K [0x0000000702400000, 0x0000000800000000)
  region size 2048K, 2 young (4096K), 2 survivors (4096K)
 Metaspace       used 4514K, committed 4736K, reserved 1114112K
  class space    used 479K, committed 576K, reserved 1048576K
}
Event: 1.640 GC heap before
{Heap before GC invocations=1 (full 0):
 garbage-first heap   total 260096K, used 39488K [0x0000000702400000, 0x0000000800000000)
  region size 2048K, 21 young (43008K), 2 survivors (4096K)
 Metaspace       used 12994K, committed 13312K, reserved 1114112K
  class space    used 1874K, committed 1984K, reserved 1048576K
}
Event: 1.647 GC heap after
{Heap after GC invocations=2 (full 0):
 garbage-first heap   total 260096K, used 6496K [0x0000000702400000, 0x0000000800000000)
  region size 2048K, 3 young (6144K), 3 survivors (6144K)
 Metaspace       used 12994K, committed 13312K, reserved 1114112K
  class space    used 1874K, committed 1984K, reserved 1048576K
}

Dll operation events (20 events):
Event: 0.501 Loaded shared library C:\Users\kiril\.openjfx\cache\20.0.1+2\amd64\api-ms-win-crt-locale-l1-1-0.dll
Event: 0.504 Loaded shared library C:\Users\kiril\.openjfx\cache\20.0.1+2\amd64\api-ms-win-crt-math-l1-1-0.dll
Event: 0.508 Loaded shared library C:\Users\kiril\.openjfx\cache\20.0.1+2\amd64\api-ms-win-crt-multibyte-l1-1-0.dll
Event: 0.512 Loaded shared library C:\Users\kiril\.openjfx\cache\20.0.1+2\amd64\api-ms-win-crt-private-l1-1-0.dll
Event: 0.516 Loaded shared library C:\Users\kiril\.openjfx\cache\20.0.1+2\amd64\api-ms-win-crt-process-l1-1-0.dll
Event: 0.520 Loaded shared library C:\Users\kiril\.openjfx\cache\20.0.1+2\amd64\api-ms-win-crt-runtime-l1-1-0.dll
Event: 0.524 Loaded shared library C:\Users\kiril\.openjfx\cache\20.0.1+2\amd64\api-ms-win-crt-stdio-l1-1-0.dll
Event: 0.527 Loaded shared library C:\Users\kiril\.openjfx\cache\20.0.1+2\amd64\api-ms-win-crt-string-l1-1-0.dll
Event: 0.530 Loaded shared library C:\Users\kiril\.openjfx\cache\20.0.1+2\amd64\api-ms-win-crt-time-l1-1-0.dll
Event: 0.533 Loaded shared library C:\Users\kiril\.openjfx\cache\20.0.1+2\amd64\api-ms-win-crt-utility-l1-1-0.dll
Event: 0.555 Loaded shared library C:\Users\kiril\.openjfx\cache\20.0.1+2\amd64\ucrtbase.dll
Event: 0.561 Loaded shared library C:\Users\kiril\.openjfx\cache\20.0.1+2\amd64\vcruntime140.dll
Event: 0.567 Loaded shared library C:\Users\kiril\.openjfx\cache\20.0.1+2\amd64\vcruntime140_1.dll
Event: 0.580 Loaded shared library C:\Users\kiril\.openjfx\cache\20.0.1+2\amd64\msvcp140.dll
Event: 0.585 Loaded shared library C:\Users\kiril\.openjfx\cache\20.0.1+2\amd64\msvcp140_1.dll
Event: 0.593 Loaded shared library C:\Users\kiril\.openjfx\cache\20.0.1+2\amd64\msvcp140_2.dll
Event: 0.651 Loaded shared library C:\Users\kiril\.openjfx\cache\20.0.1+2\amd64\prism_d3d.dll
Event: 0.748 Loaded shared library C:\Users\kiril\.openjfx\cache\20.0.1+2\amd64\glass.dll
Event: 0.933 Loaded shared library C:\Users\kiril\.jdks\openjdk-21\bin\jimage.dll
Event: 1.143 Loaded shared library C:\Users\kiril\.openjfx\cache\20.0.1+2\amd64\javafx_font.dll

Deoptimization events (20 events):
Event: 44.242 Thread 0x000001c54fd94210 Uncommon trap: trap_request=0xffffffde fr.pc=0x000001c53eb56738 relative=0x00000000000000f8
Event: 44.242 Thread 0x000001c54fd94210 Uncommon trap: reason=class_check action=maybe_recompile pc=0x000001c53eb56738 method=javafx.collections.FXCollections$UnmodifiableObservableListImpl.get(I)Ljava/lang/Object; @ 5 c2
Event: 44.242 Thread 0x000001c54fd94210 DEOPT PACKING pc=0x000001c53eb56738 sp=0x0000000b608f99d0
Event: 44.242 Thread 0x000001c54fd94210 DEOPT UNPACKING pc=0x000001c53e1e46a2 sp=0x0000000b608f9958 mode 2
Event: 44.243 Thread 0x000001c54fd94210 Uncommon trap: trap_request=0xffffff45 fr.pc=0x000001c53eb154cc relative=0x000000000000196c
Event: 44.243 Thread 0x000001c54fd94210 Uncommon trap: reason=unstable_if action=reinterpret pc=0x000001c53eb154cc method=javafx.scene.Parent.updateCachedBounds(Ljava/util/List;I)Z @ 7 c2
Event: 44.243 Thread 0x000001c54fd94210 DEOPT PACKING pc=0x000001c53eb154cc sp=0x0000000b608f9780
Event: 44.243 Thread 0x000001c54fd94210 DEOPT UNPACKING pc=0x000001c53e1e46a2 sp=0x0000000b608f9700 mode 2
Event: 44.244 Thread 0x000001c54fd94210 Uncommon trap: trap_request=0xffffff45 fr.pc=0x000001c53ebbd054 relative=0x00000000000002f4
Event: 44.244 Thread 0x000001c54fd94210 Uncommon trap: reason=unstable_if action=reinterpret pc=0x000001c53ebbd054 method=com.sun.prism.BasicStroke.set(IFIIF)V @ 41 c2
Event: 44.244 Thread 0x000001c54fd94210 DEOPT PACKING pc=0x000001c53ebbd054 sp=0x0000000b608f9520
Event: 44.244 Thread 0x000001c54fd94210 DEOPT UNPACKING pc=0x000001c53e1e46a2 sp=0x0000000b608f9468 mode 2
Event: 44.248 Thread 0x000001c54fc52720 Uncommon trap: trap_request=0xffffff45 fr.pc=0x000001c53eb00b88 relative=0x0000000000000d28
Event: 44.248 Thread 0x000001c54fc52720 Uncommon trap: reason=unstable_if action=reinterpret pc=0x000001c53eb00b88 method=com.sun.prism.impl.GlyphCache.getCachedGlyph(II)Lcom/sun/prism/impl/GlyphCache$GlyphData; @ 111 c2
Event: 44.248 Thread 0x000001c54fc52720 DEOPT PACKING pc=0x000001c53eb00b88 sp=0x0000000b60dfe8b0
Event: 44.248 Thread 0x000001c54fc52720 DEOPT UNPACKING pc=0x000001c53e1e46a2 sp=0x0000000b60dfe7f0 mode 2
Event: 44.248 Thread 0x000001c54fc52720 Uncommon trap: trap_request=0xffffff45 fr.pc=0x000001c53ebb2518 relative=0x0000000000001d58
Event: 44.248 Thread 0x000001c54fc52720 Uncommon trap: reason=unstable_if action=reinterpret pc=0x000001c53ebb2518 method=com.sun.prism.impl.GlyphCache.addDataToQuad(Lcom/sun/prism/impl/GlyphCache$GlyphData;Lcom/sun/prism/impl/VertexBuffer;Lcom/sun/prism/Texture;FFFF)V @ 16 c2
Event: 44.248 Thread 0x000001c54fc52720 DEOPT PACKING pc=0x000001c53ebb2518 sp=0x0000000b60dfe940
Event: 44.248 Thread 0x000001c54fc52720 DEOPT UNPACKING pc=0x000001c53e1e46a2 sp=0x0000000b60dfe7b0 mode 2

Classes loaded (20 events):
Event: 28.241 Loading class java/time/DayOfWeek
Event: 28.241 Loading class java/time/DayOfWeek done
Event: 28.241 Loading class java/time/temporal/WeekFields$ComputedDayOfField
Event: 28.242 Loading class java/time/temporal/WeekFields$ComputedDayOfField done
Event: 28.274 Loading class java/time/chrono/IsoEra
Event: 28.274 Loading class java/time/chrono/Era
Event: 28.274 Loading class java/time/chrono/Era done
Event: 28.274 Loading class java/time/chrono/IsoEra done
Event: 43.274 Loading class java/time/format/DateTimeFormatterBuilder$LocalizedPrinterParser
Event: 43.278 Loading class java/time/format/DateTimeFormatterBuilder$LocalizedPrinterParser done
Event: 43.279 Loading class sun/util/locale/provider/JavaTimeDateTimePatternImpl
Event: 43.279 Loading class sun/util/locale/provider/JavaTimeDateTimePatternImpl done
Event: 44.113 Loading class java/text/ParsePosition
Event: 44.113 Loading class java/text/ParsePosition done
Event: 44.113 Loading class java/time/format/DateTimeParseContext
Event: 44.115 Loading class java/time/format/DateTimeParseContext done
Event: 44.115 Loading class java/time/format/Parsed
Event: 44.116 Loading class java/time/format/Parsed done
Event: 64.646 Loading class jdk/internal/misc/Signal$1
Event: 64.646 Loading class jdk/internal/misc/Signal$1 done

Classes unloaded (0 events):
No events

Classes redefined (0 events):
No events

Internal exceptions (20 events):
Event: 1.625 Thread 0x000001c54fd94210 Exception <a 'java/lang/IncompatibleClassChangeError'{0x000000070f8d4a40}: Found class java.lang.Object, but interface was expected> (0x000000070f8d4a40) 
thrown [s\open\src\hotspot\share\interpreter\linkResolver.cpp, line 840]
Event: 1.737 Thread 0x000001c54fd94210 Exception <a 'java/lang/NoSuchMethodError'{0x0000000711d32590}: 'int java.lang.invoke.DirectMethodHandle$Holder.invokeSpecial(java.lang.Object, java.lang.Object, int)'> (0x0000000711d32590) 
thrown [s\open\src\hotspot\share\interpreter\linkResolver.cpp, line 773]
Event: 1.748 Thread 0x000001c54fd94210 Exception <a 'java/lang/NoSuchMethodError'{0x0000000711dc27b0}: 'java.lang.Object java.lang.invoke.DirectMethodHandle$Holder.newInvokeSpecial(java.lang.Object, java.lang.Object, int)'> (0x0000000711dc27b0) 
thrown [s\open\src\hotspot\share\interpreter\linkResolver.cpp, line 773]
Event: 1.797 Thread 0x000001c54fc52720 Exception <a 'java/lang/NoSuchMethodError'{0x0000000711aa6aa8}: 'int java.lang.invoke.DirectMethodHandle$Holder.invokeStaticInit(java.lang.Object, java.lang.Object)'> (0x0000000711aa6aa8) 
thrown [s\open\src\hotspot\share\interpreter\linkResolver.cpp, line 773]
Event: 1.801 Thread 0x000001c54fd94210 Exception <a 'java/lang/NoSuchMethodError'{0x0000000711a5e6b8}: 'long java.lang.invoke.DirectMethodHandle$Holder.invokeStatic(java.lang.Object, java.lang.Object, java.lang.Object)'> (0x0000000711a5e6b8) 
thrown [s\open\src\hotspot\share\interpreter\linkResolver.cpp, line 773]
Event: 1.801 Thread 0x000001c54fd94210 Exception <a 'java/lang/NoSuchMethodError'{0x0000000711a61a88}: 'long java.lang.invoke.DirectMethodHandle$Holder.invokeStaticInit(java.lang.Object, java.lang.Object, java.lang.Object)'> (0x0000000711a61a88) 
thrown [s\open\src\hotspot\share\interpreter\linkResolver.cpp, line 773]
Event: 1.803 Thread 0x000001c54fd94210 Exception <a 'java/lang/NoSuchMethodError'{0x0000000711a76080}: 'java.lang.Object java.lang.invoke.DirectMethodHandle$Holder.newInvokeSpecial(java.lang.Object, java.lang.Object, long)'> (0x0000000711a76080) 
thrown [s\open\src\hotspot\share\interpreter\linkResolver.cpp, line 773]
Event: 1.803 Thread 0x000001c54fd94210 Exception <a 'java/lang/NoSuchMethodError'{0x0000000711a79978}: 'java.lang.Object java.lang.invoke.Invokers$Holder.linkToTargetMethod(java.lang.Object, long, java.lang.Object)'> (0x0000000711a79978) 
thrown [s\open\src\hotspot\share\interpreter\linkResolver.cpp, line 773]
Event: 12.844 Thread 0x000001c54fd94210 Exception <a 'java/lang/ClassNotFoundException'{0x00000007110de078}: com/sun/javafx/scene/control/skin/resources/controls-nt> (0x00000007110de078) 
thrown [s\open\src\hotspot\share\prims\jni.cpp, line 539]
Event: 12.845 Thread 0x000001c54fd94210 Exception <a 'java/lang/ClassNotFoundException'{0x00000007110e66c0}: com/sun/javafx/scene/control/skin/resources/controls-nt_ru> (0x00000007110e66c0) 
thrown [s\open\src\hotspot\share\prims\jni.cpp, line 539]
Event: 12.845 Thread 0x000001c54fd94210 Exception <a 'java/lang/ClassNotFoundException'{0x00000007110e7928}: com/sun/javafx/scene/control/skin/resources/controls-nt_ru_RU> (0x00000007110e7928) 
thrown [s\open\src\hotspot\share\prims\jni.cpp, line 539]
Event: 28.081 Thread 0x000001c54fd94210 Exception <a 'java/lang/NoSuchMethodError'{0x0000000710c7d028}: 'java.lang.Object java.lang.invoke.DirectMethodHandle$Holder.newInvokeSpecial(java.lang.Object, java.lang.Object, int, int, int, int, int, java.lang.Object)'> (0x0000000710c7d028) 
thrown [s\open\src\hotspot\share\interpreter\linkResolver.cpp, line 773]
Event: 28.082 Thread 0x000001c54fd94210 Exception <a 'java/lang/NoSuchMethodError'{0x0000000710c8f198}: 'java.lang.Object java.lang.invoke.DirectMethodHandle$Holder.newInvokeSpecial(java.lang.Object, java.lang.Object, java.lang.Object, int, int, int, int, int)'> (0x0000000710c8f198) 
thrown [s\open\src\hotspot\share\interpreter\linkResolver.cpp, line 773]
Event: 28.083 Thread 0x000001c54fd94210 Exception <a 'java/lang/NoSuchMethodError'{0x0000000710c96a38}: 'java.lang.Object java.lang.invoke.Invokers$Holder.linkToTargetMethod(java.lang.Object, java.lang.Object, int, int, int, int, int, java.lang.Object)'> (0x0000000710c96a38) 
thrown [s\open\src\hotspot\share\interpreter\linkResolver.cpp, line 773]
Event: 28.447 Thread 0x000001c54fc52720 Exception <a 'java/lang/NoSuchMethodError'{0x00000007105848f8}: 'java.lang.Object java.lang.invoke.DirectMethodHandle$Holder.invokeStaticInit(java.lang.Object, int)'> (0x00000007105848f8) 
thrown [s\open\src\hotspot\share\interpreter\linkResolver.cpp, line 773]
Event: 44.184 Thread 0x000001c54fd94210 Implicit null exception at 0x000001c53ebb42e0 to 0x000001c53ebb4516
Event: 44.198 Thread 0x000001c54fd94210 Implicit null exception at 0x000001c53eb2e643 to 0x000001c53eb3481c
Event: 44.200 Thread 0x000001c54fd94210 Implicit null exception at 0x000001c53ea95183 to 0x000001c53ea9579a
Event: 44.206 Thread 0x000001c54fd94210 Implicit null exception at 0x000001c53eb03a40 to 0x000001c53eb09ba4
Event: 44.248 Thread 0x000001c54fc52720 Implicit null exception at 0x000001c53ebb0a67 to 0x000001c53ebb24cc

ZGC Phase Switch (0 events):
No events

VM Operations (20 events):
Event: 36.472 Executing VM operation: Cleanup done
Event: 37.473 Executing VM operation: Cleanup
Event: 37.473 Executing VM operation: Cleanup done
Event: 39.473 Executing VM operation: Cleanup
Event: 39.473 Executing VM operation: Cleanup done
Event: 41.473 Executing VM operation: Cleanup
Event: 41.473 Executing VM operation: Cleanup done
Event: 42.473 Executing VM operation: Cleanup
Event: 42.473 Executing VM operation: Cleanup done
Event: 43.474 Executing VM operation: Cleanup
Event: 43.474 Executing VM operation: Cleanup done
Event: 44.474 Executing VM operation: Cleanup
Event: 44.474 Executing VM operation: Cleanup done
Event: 60.269 Executing VM operation: HandshakeAllThreads (HandshakeForDeflation)
Event: 60.269 Executing VM operation: HandshakeAllThreads (HandshakeForDeflation) done
Event: 60.269 Executing VM operation: RendezvousGCThreads
Event: 60.269 Executing VM operation: RendezvousGCThreads done
Event: 62.270 Executing VM operation: Cleanup
Event: 62.270 Executing VM operation: Cleanup done
Event: 64.649 Executing VM operation: Exit

Events (20 events):
Event: 40.324 Thread 0x000001c54f0bfdc0 Thread added: 0x000001c54f0bfdc0
Event: 40.324 Thread 0x000001c54f0bf020 Thread added: 0x000001c54f0bf020
Event: 40.456 Thread 0x000001c54f0bf020 Thread exited: 0x000001c54f0bf020
Event: 40.935 Thread 0x000001c54f0bfdc0 Thread exited: 0x000001c54f0bfdc0
Event: 41.974 Thread 0x000001c54f0be950 Thread exited: 0x000001c54f0be950
Event: 42.694 Thread 0x000001c54f0c0490 Thread exited: 0x000001c54f0c0490
Event: 44.195 Thread 0x000001c54f0be950 Thread added: 0x000001c54f0be950
Event: 44.195 Thread 0x000001c54f0bf6f0 Thread added: 0x000001c54f0bf6f0
Event: 44.195 Thread 0x000001c54f0bfdc0 Thread added: 0x000001c54f0bfdc0
Event: 44.213 Thread 0x000001c54f0c0490 Thread added: 0x000001c54f0c0490
Event: 49.248 Thread 0x000001c54f0c0490 Thread exited: 0x000001c54f0c0490
Event: 49.248 Thread 0x000001c54f0bfdc0 Thread exited: 0x000001c54f0bfdc0
Event: 54.249 Thread 0x000001c54f0bf6f0 Thread exited: 0x000001c54f0bf6f0
Event: 59.250 Thread 0x000001c54f0be950 Thread exited: 0x000001c54f0be950
Event: 64.646 Thread 0x000001c595690e20 Thread added: 0x000001c595690e20
Event: 64.647 Thread 0x000001c5956921d0 Thread added: 0x000001c5956921d0
Event: 64.647 Thread 0x000001c5956914b0 Thread added: 0x000001c5956914b0
Event: 64.648 Thread 0x000001c5956914b0 Thread exited: 0x000001c5956914b0
Event: 64.649 Thread 0x000001c5956921d0 Thread exited: 0x000001c5956921d0
Event: 64.649 Thread 0x000001c54f09fe00 Thread exited: 0x000001c54f09fe00


Dynamic libraries:
0x00007ff6d8f80000 - 0x00007ff6d8f8e000 	C:\Users\kiril\.jdks\openjdk-21\bin\java.exe
0x00007ffcc32f0000 - 0x00007ffcc34e8000 	C:\Windows\SYSTEM32\ntdll.dll
0x00007ffcc26f0000 - 0x00007ffcc27ad000 	C:\Windows\System32\KERNEL32.DLL
0x00007ffcc1050000 - 0x00007ffcc1346000 	C:\Windows\System32\KERNELBASE.dll
0x00007ffcc0b30000 - 0x00007ffcc0c30000 	C:\Windows\System32\ucrtbase.dll
0x00007ffcb50c0000 - 0x00007ffcb50d8000 	C:\Users\kiril\.jdks\openjdk-21\bin\jli.dll
0x00007ffcb5060000 - 0x00007ffcb507b000 	C:\Users\kiril\.jdks\openjdk-21\bin\VCRUNTIME140.dll
0x00007ffcc2930000 - 0x00007ffcc2ace000 	C:\Windows\System32\USER32.dll
0x00007ffcc0b00000 - 0x00007ffcc0b22000 	C:\Windows\System32\win32u.dll
0x00007ffca8eb0000 - 0x00007ffca914a000 	C:\Windows\WinSxS\amd64_microsoft.windows.common-controls_6595b64144ccf1df_6.0.19041.1110_none_60b5254171f9507e\COMCTL32.dll
0x00007ffcc2ad0000 - 0x00007ffcc2afc000 	C:\Windows\System32\GDI32.dll
0x00007ffcc2b70000 - 0x00007ffcc2c0e000 	C:\Windows\System32\msvcrt.dll
0x00007ffcc0c60000 - 0x00007ffcc0d7a000 	C:\Windows\System32\gdi32full.dll
0x00007ffcc09d0000 - 0x00007ffcc0a6d000 	C:\Windows\System32\msvcp_win.dll
0x00007ffcc2890000 - 0x00007ffcc28c0000 	C:\Windows\System32\IMM32.DLL
0x00007ffcb50b0000 - 0x00007ffcb50bc000 	C:\Users\kiril\.jdks\openjdk-21\bin\vcruntime140_1.dll
0x00007ffcb30a0000 - 0x00007ffcb312e000 	C:\Users\kiril\.jdks\openjdk-21\bin\msvcp140.dll
0x00007ffc93150000 - 0x00007ffc93e63000 	C:\Users\kiril\.jdks\openjdk-21\bin\server\jvm.dll
0x00007ffcc2df0000 - 0x00007ffcc2e9e000 	C:\Windows\System32\ADVAPI32.dll
0x00007ffcc2c80000 - 0x00007ffcc2d1c000 	C:\Windows\System32\sechost.dll
0x00007ffcc3060000 - 0x00007ffcc3186000 	C:\Windows\System32\RPCRT4.dll
0x00007ffcc28c0000 - 0x00007ffcc292b000 	C:\Windows\System32\WS2_32.dll
0x00007ffcc05d0000 - 0x00007ffcc061b000 	C:\Windows\SYSTEM32\POWRPROF.dll
0x00007ffcb7330000 - 0x00007ffcb7357000 	C:\Windows\SYSTEM32\WINMM.dll
0x00007ffcb9500000 - 0x00007ffcb950a000 	C:\Windows\SYSTEM32\VERSION.dll
0x00007ffcc0050000 - 0x00007ffcc0062000 	C:\Windows\SYSTEM32\UMPDC.dll
0x00007ffcbe210000 - 0x00007ffcbe222000 	C:\Windows\SYSTEM32\kernel.appcore.dll
0x00007ffcb5030000 - 0x00007ffcb503a000 	C:\Users\kiril\.jdks\openjdk-21\bin\jimage.dll
0x00007ffcc0360000 - 0x00007ffcc0544000 	C:\Windows\SYSTEM32\DBGHELP.DLL
0x00007ffcc0180000 - 0x00007ffcc01b4000 	C:\Windows\SYSTEM32\dbgcore.DLL
0x00007ffcc0a70000 - 0x00007ffcc0af2000 	C:\Windows\System32\bcryptPrimitives.dll
0x00007ffcb3090000 - 0x00007ffcb309f000 	C:\Users\kiril\.jdks\openjdk-21\bin\instrument.dll
0x00007ffcb5010000 - 0x00007ffcb502f000 	C:\Users\kiril\.jdks\openjdk-21\bin\java.dll
0x00007ffcc1870000 - 0x00007ffcc1fb5000 	C:\Windows\System32\SHELL32.dll
0x00007ffcbe410000 - 0x00007ffcbebab000 	C:\Windows\SYSTEM32\windows.storage.dll
0x00007ffcc2380000 - 0x00007ffcc26d4000 	C:\Windows\System32\combase.dll
0x00007ffcbfd10000 - 0x00007ffcbfd3e000 	C:\Windows\SYSTEM32\Wldp.dll
0x00007ffcc21f0000 - 0x00007ffcc229d000 	C:\Windows\System32\SHCORE.dll
0x00007ffcc2c20000 - 0x00007ffcc2c75000 	C:\Windows\System32\shlwapi.dll
0x00007ffcc0900000 - 0x00007ffcc0925000 	C:\Windows\SYSTEM32\profapi.dll
0x00007ffc97380000 - 0x00007ffc97457000 	C:\Users\kiril\.jdks\openjdk-21\bin\jsvml.dll
0x00007ffcb5000000 - 0x00007ffcb5010000 	C:\Users\kiril\.jdks\openjdk-21\bin\net.dll
0x00007ffcb9c10000 - 0x00007ffcb9d1a000 	C:\Windows\SYSTEM32\WINHTTP.dll
0x00007ffcbfbe0000 - 0x00007ffcbfc4a000 	C:\Windows\system32\mswsock.dll
0x00007ffcb4d10000 - 0x00007ffcb4d26000 	C:\Users\kiril\.jdks\openjdk-21\bin\nio.dll
0x00007ffcb4820000 - 0x00007ffcb4838000 	C:\Users\kiril\.jdks\openjdk-21\bin\zip.dll
0x00007ffcaceb0000 - 0x00007ffcaceca000 	D:\IntelliJ IDEA Community Edition 2023.2\bin\breakgen64.dll
0x000001c52c890000 - 0x000001c52c893000 	C:\Users\kiril\.openjfx\cache\20.0.1+2\amd64\api-ms-win-core-console-l1-1-0.dll
0x000001c52c8a0000 - 0x000001c52c8a3000 	C:\Users\kiril\.openjfx\cache\20.0.1+2\amd64\api-ms-win-core-console-l1-2-0.dll
0x000001c52c8b0000 - 0x000001c52c8b3000 	C:\Users\kiril\.openjfx\cache\20.0.1+2\amd64\api-ms-win-core-datetime-l1-1-0.dll
0x000001c52c8c0000 - 0x000001c52c8c3000 	C:\Users\kiril\.openjfx\cache\20.0.1+2\amd64\api-ms-win-core-debug-l1-1-0.dll
0x000001c52c8d0000 - 0x000001c52c8d3000 	C:\Users\kiril\.openjfx\cache\20.0.1+2\amd64\api-ms-win-core-errorhandling-l1-1-0.dll
0x000001c52c8e0000 - 0x000001c52c8e4000 	C:\Users\kiril\.openjfx\cache\20.0.1+2\amd64\api-ms-win-core-file-l1-1-0.dll
0x000001c52c8f0000 - 0x000001c52c8f3000 	C:\Users\kiril\.openjfx\cache\20.0.1+2\amd64\api-ms-win-core-file-l1-2-0.dll
0x000001c52c900000 - 0x000001c52c903000 	C:\Users\kiril\.openjfx\cache\20.0.1+2\amd64\api-ms-win-core-file-l2-1-0.dll
0x000001c52e800000 - 0x000001c52e803000 	C:\Users\kiril\.openjfx\cache\20.0.1+2\amd64\api-ms-win-core-handle-l1-1-0.dll
0x000001c52e810000 - 0x000001c52e813000 	C:\Users\kiril\.openjfx\cache\20.0.1+2\amd64\api-ms-win-core-heap-l1-1-0.dll
0x000001c52e820000 - 0x000001c52e823000 	C:\Users\kiril\.openjfx\cache\20.0.1+2\amd64\api-ms-win-core-interlocked-l1-1-0.dll
0x000001c52e830000 - 0x000001c52e833000 	C:\Users\kiril\.openjfx\cache\20.0.1+2\amd64\api-ms-win-core-libraryloader-l1-1-0.dll
0x000001c52e840000 - 0x000001c52e843000 	C:\Users\kiril\.openjfx\cache\20.0.1+2\amd64\api-ms-win-core-localization-l1-2-0.dll
0x000001c52e850000 - 0x000001c52e853000 	C:\Users\kiril\.openjfx\cache\20.0.1+2\amd64\api-ms-win-core-memory-l1-1-0.dll
0x000001c52e860000 - 0x000001c52e863000 	C:\Users\kiril\.openjfx\cache\20.0.1+2\amd64\api-ms-win-core-namedpipe-l1-1-0.dll
0x000001c52e870000 - 0x000001c52e873000 	C:\Users\kiril\.openjfx\cache\20.0.1+2\amd64\api-ms-win-core-processenvironment-l1-1-0.dll
0x000001c52e880000 - 0x000001c52e883000 	C:\Users\kiril\.openjfx\cache\20.0.1+2\amd64\api-ms-win-core-processthreads-l1-1-0.dll
0x000001c52e890000 - 0x000001c52e893000 	C:\Users\kiril\.openjfx\cache\20.0.1+2\amd64\api-ms-win-core-processthreads-l1-1-1.dll
0x000001c52e8a0000 - 0x000001c52e8a3000 	C:\Users\kiril\.openjfx\cache\20.0.1+2\amd64\api-ms-win-core-profile-l1-1-0.dll
0x000001c52e8b0000 - 0x000001c52e8b3000 	C:\Users\kiril\.openjfx\cache\20.0.1+2\amd64\api-ms-win-core-rtlsupport-l1-1-0.dll
0x000001c54fde0000 - 0x000001c54fde3000 	C:\Users\kiril\.openjfx\cache\20.0.1+2\amd64\api-ms-win-core-string-l1-1-0.dll
0x000001c54fdf0000 - 0x000001c54fdf3000 	C:\Users\kiril\.openjfx\cache\20.0.1+2\amd64\api-ms-win-core-synch-l1-1-0.dll
0x000001c54fe00000 - 0x000001c54fe03000 	C:\Users\kiril\.openjfx\cache\20.0.1+2\amd64\api-ms-win-core-synch-l1-2-0.dll
0x000001c54fe10000 - 0x000001c54fe13000 	C:\Users\kiril\.openjfx\cache\20.0.1+2\amd64\api-ms-win-core-sysinfo-l1-1-0.dll
0x000001c54fe20000 - 0x000001c54fe23000 	C:\Users\kiril\.openjfx\cache\20.0.1+2\amd64\api-ms-win-core-timezone-l1-1-0.dll
0x000001c54fe30000 - 0x000001c54fe33000 	C:\Users\kiril\.openjfx\cache\20.0.1+2\amd64\api-ms-win-core-util-l1-1-0.dll
0x000001c54fe40000 - 0x000001c54fe43000 	C:\Users\kiril\.openjfx\cache\20.0.1+2\amd64\api-ms-win-crt-conio-l1-1-0.dll
0x000001c54fe50000 - 0x000001c54fe54000 	C:\Users\kiril\.openjfx\cache\20.0.1+2\amd64\api-ms-win-crt-convert-l1-1-0.dll
0x000001c54fe60000 - 0x000001c54fe63000 	C:\Users\kiril\.openjfx\cache\20.0.1+2\amd64\api-ms-win-crt-environment-l1-1-0.dll
0x000001c54fe70000 - 0x000001c54fe73000 	C:\Users\kiril\.openjfx\cache\20.0.1+2\amd64\api-ms-win-crt-filesystem-l1-1-0.dll
0x000001c54fe80000 - 0x000001c54fe83000 	C:\Users\kiril\.openjfx\cache\20.0.1+2\amd64\api-ms-win-crt-heap-l1-1-0.dll
0x000001c54fe90000 - 0x000001c54fe93000 	C:\Users\kiril\.openjfx\cache\20.0.1+2\amd64\api-ms-win-crt-locale-l1-1-0.dll
0x000001c54fea0000 - 0x000001c54fea5000 	C:\Users\kiril\.openjfx\cache\20.0.1+2\amd64\api-ms-win-crt-math-l1-1-0.dll
0x000001c54feb0000 - 0x000001c54feb5000 	C:\Users\kiril\.openjfx\cache\20.0.1+2\amd64\api-ms-win-crt-multibyte-l1-1-0.dll
0x000001c54fec0000 - 0x000001c54fed0000 	C:\Users\kiril\.openjfx\cache\20.0.1+2\amd64\api-ms-win-crt-private-l1-1-0.dll
0x000001c54fed0000 - 0x000001c54fed3000 	C:\Users\kiril\.openjfx\cache\20.0.1+2\amd64\api-ms-win-crt-process-l1-1-0.dll
0x000001c54fee0000 - 0x000001c54fee4000 	C:\Users\kiril\.openjfx\cache\20.0.1+2\amd64\api-ms-win-crt-runtime-l1-1-0.dll
0x000001c54fef0000 - 0x000001c54fef4000 	C:\Users\kiril\.openjfx\cache\20.0.1+2\amd64\api-ms-win-crt-stdio-l1-1-0.dll
0x000001c54ff00000 - 0x000001c54ff04000 	C:\Users\kiril\.openjfx\cache\20.0.1+2\amd64\api-ms-win-crt-string-l1-1-0.dll
0x000001c54ff10000 - 0x000001c54ff13000 	C:\Users\kiril\.openjfx\cache\20.0.1+2\amd64\api-ms-win-crt-time-l1-1-0.dll
0x000001c54ff20000 - 0x000001c54ff23000 	C:\Users\kiril\.openjfx\cache\20.0.1+2\amd64\api-ms-win-crt-utility-l1-1-0.dll
0x00007ffc950b0000 - 0x00007ffc951ac000 	C:\Users\kiril\.openjfx\cache\20.0.1+2\amd64\ucrtbase.dll
0x00007ffcace20000 - 0x00007ffcace3b000 	C:\Users\kiril\.openjfx\cache\20.0.1+2\amd64\vcruntime140.dll
0x00007ffcace70000 - 0x00007ffcace7c000 	C:\Users\kiril\.openjfx\cache\20.0.1+2\amd64\vcruntime140_1.dll
0x00007ffc9fd50000 - 0x00007ffc9fdde000 	C:\Users\kiril\.openjfx\cache\20.0.1+2\amd64\msvcp140.dll
0x00007ffcacdd0000 - 0x00007ffcacdd9000 	C:\Users\kiril\.openjfx\cache\20.0.1+2\amd64\msvcp140_1.dll
0x00007ffc9fab0000 - 0x00007ffc9fae0000 	C:\Users\kiril\.openjfx\cache\20.0.1+2\amd64\msvcp140_2.dll
0x00007ffc9d610000 - 0x00007ffc9d63f000 	C:\Users\kiril\.openjfx\cache\20.0.1+2\amd64\prism_d3d.dll
0x00007ffc891c0000 - 0x00007ffc8938d000 	C:\Windows\system32\d3d9.dll
0x00007ffcbe000000 - 0x00007ffcbe02f000 	C:\Windows\SYSTEM32\dwmapi.dll
0x00007ffcbdd30000 - 0x00007ffcbddce000 	C:\Windows\system32\uxtheme.dll
0x00007ffcb7360000 - 0x00007ffcb751b000 	C:\Windows\System32\DriverStore\FileRepository\u0394471.inf_amd64_f618062c68f63ad7\B394303\aticfx64.dll
0x00007ffca4ed0000 - 0x00007ffca4f04000 	C:\Windows\System32\DriverStore\FileRepository\u0394471.inf_amd64_f618062c68f63ad7\B394303\atiu9p64.dll
0x00007ffc6c370000 - 0x00007ffc6d0c5000 	C:\Windows\System32\DriverStore\FileRepository\u0394471.inf_amd64_f618062c68f63ad7\B394303\atiumd64.dll
0x00007ffcc2f30000 - 0x00007ffcc305a000 	C:\Windows\System32\ole32.dll
0x0000000060390000 - 0x00000000612a2000 	C:\Windows\System32\DriverStore\FileRepository\u0394471.inf_amd64_f618062c68f63ad7\B394303\atiumd6a.dll
0x00007ffcc1350000 - 0x00007ffcc17be000 	C:\Windows\System32\SETUPAPI.dll
0x00007ffcc0d80000 - 0x00007ffcc0dce000 	C:\Windows\System32\cfgmgr32.dll
0x00007ffcc0c30000 - 0x00007ffcc0c57000 	C:\Windows\System32\bcrypt.dll
0x00007ffcb3600000 - 0x00007ffcb3635000 	C:\Windows\SYSTEM32\amdihk64.dll
0x00007ffc99cd0000 - 0x00007ffc99d12000 	C:\Users\kiril\.openjfx\cache\20.0.1+2\amd64\glass.dll
0x00007ffcc22a0000 - 0x00007ffcc237a000 	C:\Windows\System32\COMDLG32.dll
0x00007ffcc2d20000 - 0x00007ffcc2ded000 	C:\Windows\System32\OLEAUT32.dll
0x00007ffcc3190000 - 0x00007ffcc32a4000 	C:\Windows\System32\MSCTF.dll
0x00007ffcb79a0000 - 0x00007ffcb79db000 	C:\Windows\SYSTEM32\dxcore.dll
0x00007ffcab4c0000 - 0x00007ffcab4d4000 	C:\Users\kiril\.openjfx\cache\20.0.1+2\amd64\javafx_font.dll
0x00007ffcac360000 - 0x00007ffcac5df000 	C:\Windows\SYSTEM32\dwrite.dll
0x00007ffcc17c0000 - 0x00007ffcc1869000 	C:\Windows\System32\clbcatq.dll
0x00007ffcb9750000 - 0x00007ffcb9904000 	C:\Windows\SYSTEM32\WindowsCodecs.dll
0x00007ffcabff0000 - 0x00007ffcac02e000 	C:\Windows\system32\dataexchange.dll
0x00007ffcbbf00000 - 0x00007ffcbc163000 	C:\Windows\system32\d3d11.dll
0x00007ffcbcec0000 - 0x00007ffcbd0a3000 	C:\Windows\system32\dcomp.dll
0x00007ffcbebf0000 - 0x00007ffcbece3000 	C:\Windows\system32\dxgi.dll
0x00007ffcb9a00000 - 0x00007ffcb9c07000 	C:\Windows\system32\twinapi.appcore.dll
0x00007ffc99c90000 - 0x00007ffc99cc4000 	C:\Program Files\Common Files\Microsoft Shared\Ink\rtscom.dll
0x00007ffcb23c0000 - 0x00007ffcb24ba000 	C:\Windows\SYSTEM32\textinputframework.dll
0x00007ffcbd450000 - 0x00007ffcbd7ae000 	C:\Windows\System32\CoreUIComponents.dll
0x00007ffcbd7b0000 - 0x00007ffcbd8a2000 	C:\Windows\System32\CoreMessaging.dll
0x00007ffcbcc00000 - 0x00007ffcbcd55000 	C:\Windows\SYSTEM32\wintypes.dll
0x00007ffcc0700000 - 0x00007ffcc0733000 	C:\Windows\SYSTEM32\ntmarta.dll
0x00007ffcbc640000 - 0x00007ffcbcc00000 	C:\Windows\SYSTEM32\d2d1.dll

dbghelp: loaded successfully - version: 4.0.5 - missing functions: none
symbol engine: initialized successfully - sym options: 0x614 - pdb path: .;C:\Users\kiril\.jdks\openjdk-21\bin;C:\Windows\SYSTEM32;C:\Windows\WinSxS\amd64_microsoft.windows.common-controls_6595b64144ccf1df_6.0.19041.1110_none_60b5254171f9507e;C:\Users\kiril\.jdks\openjdk-21\bin\server;D:\IntelliJ IDEA Community Edition 2023.2\bin;C:\Users\kiril\.openjfx\cache\20.0.1+2\amd64;C:\Windows\System32\DriverStore\FileRepository\u0394471.inf_amd64_f618062c68f63ad7\B394303;C:\Program Files\Common Files\Microsoft Shared\Ink

VM Arguments:
jvm_args: -javaagent:D:\IntelliJ IDEA Community Edition 2023.2\lib\idea_rt.jar=50773:D:\IntelliJ IDEA Community Edition 2023.2\bin -Dfile.encoding=UTF-8 -Dsun.stdout.encoding=UTF-8 -Dsun.stderr.encoding=UTF-8 --module-path=C:\Users\kiril\.m2\repository\org\openjfx\javafx-fxml\20.0.1\javafx-fxml-20.0.1-win.jar;E:\localCopy\app\cryptoapp\app\target\classes;C:\Users\kiril\.m2\repository\org\openjfx\javafx-graphics\20.0.1\javafx-graphics-20.0.1-win.jar;C:\Users\kiril\.m2\repository\org\openjfx\javafx-controls\20.0.1\javafx-controls-20.0.1-win.jar;C:\Users\kiril\.m2\repository\org\openjfx\javafx-base\20.0.1\javafx-base-20.0.1-win.jar -Djdk.module.main=vshp.group.app 
java_command: vshp.group.app/vshp.group.app.HelloApplication
java_class_path (initial): C:\Users\kiril\.m2\repository\org\openjfx\javafx-controls\20.0.1\javafx-controls-20.0.1.jar;C:\Users\kiril\.m2\repository\org\openjfx\javafx-graphics\20.0.1\javafx-graphics-20.0.1.jar;C:\Users\kiril\.m2\repository\org\openjfx\javafx-base\20.0.1\javafx-base-20.0.1.jar;C:\Users\kiril\.m2\repository\org\openjfx\javafx-fxml\20.0.1\javafx-fxml-20.0.1.jar
Launcher Type: SUN_STANDARD

[Global flags]
     intx CICompilerCount                          = 12                                        {product} {ergonomic}
     uint ConcGCThreads                            = 5                                         {product} {ergonomic}
     uint G1ConcRefinementThreads                  = 18                                        {product} {ergonomic}
   size_t G1HeapRegionSize                         = 2097152                                   {product} {ergonomic}
    uintx GCDrainStackTargetSize                   = 64                                        {product} {ergonomic}
   size_t InitialHeapSize                          = 266338304                                 {product} {ergonomic}
   size_t MarkStackSize                            = 4194304                                   {product} {ergonomic}
   size_t MaxHeapSize                              = 4257218560                                {product} {ergonomic}
   size_t MaxNewSize                               = 2554331136                                {product} {ergonomic}
   size_t MinHeapDeltaBytes                        = 2097152                                   {product} {ergonomic}
   size_t MinHeapSize                              = 8388608                                   {product} {ergonomic}
    uintx NonNMethodCodeHeapSize                   = 7602480                                {pd product} {ergonomic}
    uintx NonProfiledCodeHeapSize                  = 122027880                              {pd product} {ergonomic}
    uintx ProfiledCodeHeapSize                     = 122027880                              {pd product} {ergonomic}
    uintx ReservedCodeCacheSize                    = 251658240                              {pd product} {ergonomic}
     bool SegmentedCodeCache                       = true                                      {product} {ergonomic}
   size_t SoftMaxHeapSize                          = 4257218560                             {manageable} {ergonomic}
     bool UseCompressedOops                        = true                           {product lp64_product} {ergonomic}
     bool UseG1GC                                  = true                                      {product} {ergonomic}
     bool UseLargePagesIndividualAllocation        = false                                  {pd product} {ergonomic}

Logging:
Log output configuration:
 #0: stdout all=off uptime,level,tags foldmultilines=false
 #1: stderr all=off uptime,level,tags foldmultilines=false

Environment Variables:
PATH=C:\Program Files (x86)\Common Files\Oracle\Java\javapath;C:\Windows\system32;C:\Windows;C:\Windows\System32\Wbem;C:\Windows\System32\WindowsPowerShell\v1.0\;C:\Windows\System32\OpenSSH\;C:\Program Files\Git\cmd;C:\Program Files\MySQL\MySQL Shell 8.0\bin\;C:\Users\kiril\AppData\Local\Microsoft\WindowsApps;D:\IntelliJ IDEA Community Edition 2023.2\bin;;C:\PyCharm Community Edition 2023.2\bin;;D:\Microsoft VS Code\bin;C:\Users\kiril\AppData\Local\GitHubDesktop\bin
USERNAME=kiril
OS=Windows_NT
PROCESSOR_IDENTIFIER=Intel64 Family 6 Model 63 Stepping 2, GenuineIntel
TMP=C:\Users\kiril\AppData\Local\Temp
TEMP=C:\Users\kiril\AppData\Local\Temp




---------------  S Y S T E M  ---------------

OS:
 Windows 10 , 64 bit Build 19041 (10.0.19041.3393)
OS uptime: 4 days 7:58 hours

CPU: total 24 (initial active 24) (12 cores per cpu, 2 threads per core) family 6 model 63 stepping 2 microcode 0x43, cx8, cmov, fxsr, ht, mmx, sse, sse2, sse3, ssse3, sse4.1, sse4.2, popcnt, lzcnt, tsc, tscinvbit, avx, avx2, aes, erms, clmul, bmi1, bmi2, fma, vzeroupper, clflush, rdtscp, f16c
Processor Information for all 24 processors :
  Max Mhz: 2301, Current Mhz: 2301, Mhz Limit: 2301

Memory: 4k page, system-wide physical 16236M (7150M free)
TotalPageFile size 34668M (AvailPageFile size 17068M)
current process WorkingSet (physical memory assigned to process): 188M, peak: 202M
current process commit charge ("private bytes"): 469M, peak: 493M

vm_info: OpenJDK 64-Bit Server VM (21+35-2513) for windows-amd64 JRE (21+35-2513), built on 2023-08-09T20:25:10Z by "mach5one" with MS VC++ 17.1 (VS2022)

END.
